{"/Users/gerardoparedes/Documents/learncard/packages/learn-card-core/src/index.ts": {"path":"/Users/gerardoparedes/Documents/learncard/packages/learn-card-core/src/index.ts","statementMap":{},"fnMap":{},"branchMap":{},"s":{},"f":{},"b":{},"meta":{"lastBranch":0,"lastFunction":0,"lastStatement":0,"seen":{},"fnNames":{}}}
,"/Users/gerardoparedes/Documents/learncard/packages/learn-card-core/src/polyfills.ts": {"path":"/Users/gerardoparedes/Documents/learncard/packages/learn-card-core/src/polyfills.ts","statementMap":{"0":{"start":{"line":5,"column":4},"end":{"line":13,"column":null}},"1":{"start":{"line":15,"column":0},"end":{"line":22,"column":null}},"2":{"start":{"line":16,"column":4},"end":{"line":18,"column":null}},"3":{"start":{"line":17,"column":8},"end":{"line":17,"column":null}},"4":{"start":{"line":19,"column":4},"end":{"line":21,"column":null}},"5":{"start":{"line":20,"column":8},"end":{"line":20,"column":null}}},"fnMap":{},"branchMap":{"0":{"loc":{"start":{"line":5,"column":4},"end":{"line":13,"column":null}},"type":"cond-expr","locations":[{"start":{"line":6,"column":10},"end":{"line":6,"column":null}},{"start":{"line":7,"column":10},"end":{"line":13,"column":null}}],"line":5},"1":{"loc":{"start":{"line":7,"column":10},"end":{"line":13,"column":null}},"type":"cond-expr","locations":[{"start":{"line":8,"column":14},"end":{"line":8,"column":null}},{"start":{"line":9,"column":14},"end":{"line":13,"column":null}}],"line":7},"2":{"loc":{"start":{"line":9,"column":14},"end":{"line":13,"column":null}},"type":"cond-expr","locations":[{"start":{"line":10,"column":18},"end":{"line":10,"column":null}},{"start":{"line":11,"column":18},"end":{"line":13,"column":null}}],"line":9},"3":{"loc":{"start":{"line":11,"column":18},"end":{"line":13,"column":null}},"type":"cond-expr","locations":[{"start":{"line":12,"column":22},"end":{"line":12,"column":null}},{"start":{"line":13,"column":38},"end":{"line":13,"column":null}}],"line":11},"4":{"loc":{"start":{"line":15,"column":0},"end":{"line":22,"column":null}},"type":"if","locations":[{"start":{"line":15,"column":0},"end":{"line":22,"column":null}},{"start":{},"end":{}}],"line":15},"5":{"loc":{"start":{"line":16,"column":4},"end":{"line":18,"column":null}},"type":"if","locations":[{"start":{"line":16,"column":4},"end":{"line":18,"column":null}},{"start":{},"end":{}}],"line":16},"6":{"loc":{"start":{"line":19,"column":4},"end":{"line":21,"column":null}},"type":"if","locations":[{"start":{"line":19,"column":4},"end":{"line":21,"column":null}},{"start":{},"end":{}}],"line":19}},"s":{"0":1,"1":1,"2":1,"3":0,"4":1,"5":0},"f":{},"b":{"0":[1,0],"1":[0,0],"2":[0,0],"3":[0,0],"4":[1,0],"5":[0,1],"6":[0,1]},"meta":{"lastBranch":7,"lastFunction":0,"lastStatement":6,"seen":{"s:5:4:13:Infinity":0,"b:6:10:6:Infinity:7:10:13:Infinity":0,"b:8:14:8:Infinity:9:14:13:Infinity":1,"b:10:18:10:Infinity:11:18:13:Infinity":2,"b:12:22:12:Infinity:13:38:13:Infinity":3,"b:15:0:22:Infinity:undefined:undefined:undefined:undefined":4,"s:15:0:22:Infinity":1,"b:16:4:18:Infinity:undefined:undefined:undefined:undefined":5,"s:16:4:18:Infinity":2,"s:17:8:17:Infinity":3,"b:19:4:21:Infinity:undefined:undefined:undefined:undefined":6,"s:19:4:21:Infinity":4,"s:20:8:20:Infinity":5},"fnNames":{}}}
,"/Users/gerardoparedes/Documents/learncard/packages/learn-card-core/src/types/LearnCard.ts": {"path":"/Users/gerardoparedes/Documents/learncard/packages/learn-card-core/src/types/LearnCard.ts","statementMap":{},"fnMap":{},"branchMap":{},"s":{},"f":{},"b":{},"meta":{"lastBranch":0,"lastFunction":0,"lastStatement":0,"seen":{},"fnNames":{}}}
,"/Users/gerardoparedes/Documents/learncard/packages/learn-card-core/src/wallet/base/crypto.ts": {"path":"/Users/gerardoparedes/Documents/learncard/packages/learn-card-core/src/wallet/base/crypto.ts","statementMap":{"0":{"start":{"line":3,"column":0},"end":{"line":3,"column":null}},"1":{"start":{"line":3,"column":57},"end":{"line":3,"column":null}}},"fnMap":{},"branchMap":{"0":{"loc":{"start":{"line":3,"column":0},"end":{"line":3,"column":null}},"type":"if","locations":[{"start":{"line":3,"column":0},"end":{"line":3,"column":null}},{"start":{},"end":{}}],"line":3},"1":{"loc":{"start":{"line":3,"column":4},"end":{"line":3,"column":57}},"type":"binary-expr","locations":[{"start":{"line":3,"column":4},"end":{"line":3,"column":37}},{"start":{"line":3,"column":37},"end":{"line":3,"column":57}}],"line":3}},"s":{"0":1,"1":0},"f":{},"b":{"0":[0,1],"1":[1,1]},"meta":{"lastBranch":2,"lastFunction":0,"lastStatement":2,"seen":{"b:3:0:3:Infinity:undefined:undefined:undefined:undefined":0,"s:3:0:3:Infinity":0,"b:3:4:3:37:3:37:3:57":1,"s:3:57:3:Infinity":1},"fnNames":{}}}
,"/Users/gerardoparedes/Documents/learncard/packages/learn-card-core/src/wallet/base/helpers.ts": {"path":"/Users/gerardoparedes/Documents/learncard/packages/learn-card-core/src/wallet/base/helpers.ts","statementMap":{"0":{"start":{"line":5,"column":25},"end":{"line":5,"column":null}},"1":{"start":{"line":5,"column":60},"end":{"line":5,"column":null}},"2":{"start":{"line":8,"column":27},"end":{"line":8,"column":null}},"3":{"start":{"line":8,"column":67},"end":{"line":8,"column":null}},"4":{"start":{"line":14,"column":31},"end":{"line":23,"column":null}},"5":{"start":{"line":18,"column":4},"end":{"line":22,"column":null}},"6":{"start":{"line":19,"column":8},"end":{"line":19,"column":null}},"7":{"start":{"line":19,"column":34},"end":{"line":19,"column":null}},"8":{"start":{"line":21,"column":8},"end":{"line":21,"column":null}},"9":{"start":{"line":25,"column":37},"end":{"line":37,"column":null}},"10":{"start":{"line":29,"column":4},"end":{"line":29,"column":null}},"11":{"start":{"line":29,"column":26},"end":{"line":29,"column":null}},"12":{"start":{"line":30,"column":4},"end":{"line":30,"column":null}},"13":{"start":{"line":30,"column":27},"end":{"line":30,"column":null}},"14":{"start":{"line":31,"column":4},"end":{"line":31,"column":null}},"15":{"start":{"line":31,"column":27},"end":{"line":31,"column":null}},"16":{"start":{"line":32,"column":4},"end":{"line":32,"column":null}},"17":{"start":{"line":32,"column":27},"end":{"line":32,"column":null}},"18":{"start":{"line":33,"column":4},"end":{"line":33,"column":null}},"19":{"start":{"line":33,"column":24},"end":{"line":33,"column":null}},"20":{"start":{"line":34,"column":4},"end":{"line":34,"column":null}},"21":{"start":{"line":34,"column":29},"end":{"line":34,"column":null}},"22":{"start":{"line":36,"column":4},"end":{"line":36,"column":null}},"23":{"start":{"line":39,"column":40},"end":{"line":51,"column":null}},"24":{"start":{"line":43,"column":4},"end":{"line":43,"column":null}},"25":{"start":{"line":43,"column":26},"end":{"line":43,"column":null}},"26":{"start":{"line":44,"column":4},"end":{"line":44,"column":null}},"27":{"start":{"line":44,"column":27},"end":{"line":44,"column":null}},"28":{"start":{"line":45,"column":4},"end":{"line":45,"column":null}},"29":{"start":{"line":45,"column":27},"end":{"line":45,"column":null}},"30":{"start":{"line":46,"column":4},"end":{"line":46,"column":null}},"31":{"start":{"line":46,"column":27},"end":{"line":46,"column":null}},"32":{"start":{"line":47,"column":4},"end":{"line":47,"column":null}},"33":{"start":{"line":47,"column":24},"end":{"line":47,"column":null}},"34":{"start":{"line":48,"column":4},"end":{"line":48,"column":null}},"35":{"start":{"line":48,"column":29},"end":{"line":48,"column":null}},"36":{"start":{"line":50,"column":4},"end":{"line":50,"column":null}},"37":{"start":{"line":53,"column":25},"end":{"line":60,"column":null}},"38":{"start":{"line":57,"column":4},"end":{"line":59,"column":null}},"39":{"start":{"line":58,"column":60},"end":{"line":58,"column":89}},"40":{"start":{"line":62,"column":38},"end":{"line":64,"column":null}},"41":{"start":{"line":64,"column":41},"end":{"line":64,"column":null}},"42":{"start":{"line":66,"column":22},"end":{"line":73,"column":null}},"43":{"start":{"line":70,"column":4},"end":{"line":72,"column":null}},"44":{"start":{"line":71,"column":36},"end":{"line":71,"column":88}}},"fnMap":{"0":{"name":"(anonymous_0)","decl":{"start":{"line":5,"column":25},"end":{"line":5,"column":29}},"loc":{"start":{"line":5,"column":60},"end":{"line":5,"column":null}},"line":5},"1":{"name":"(anonymous_1)","decl":{"start":{"line":8,"column":27},"end":{"line":8,"column":31}},"loc":{"start":{"line":8,"column":67},"end":{"line":8,"column":null}},"line":8},"2":{"name":"(anonymous_2)","decl":{"start":{"line":14,"column":31},"end":{"line":14,"column":null}},"loc":{"start":{"line":17,"column":20},"end":{"line":23,"column":null}},"line":17},"3":{"name":"(anonymous_3)","decl":{"start":{"line":18,"column":39},"end":{"line":18,"column":40}},"loc":{"start":{"line":18,"column":57},"end":{"line":22,"column":7}},"line":18},"4":{"name":"(anonymous_4)","decl":{"start":{"line":25,"column":37},"end":{"line":25,"column":null}},"loc":{"start":{"line":28,"column":35},"end":{"line":37,"column":null}},"line":28},"5":{"name":"(anonymous_5)","decl":{"start":{"line":39,"column":40},"end":{"line":39,"column":null}},"loc":{"start":{"line":42,"column":41},"end":{"line":51,"column":null}},"line":42},"6":{"name":"(anonymous_6)","decl":{"start":{"line":53,"column":25},"end":{"line":53,"column":null}},"loc":{"start":{"line":56,"column":19},"end":{"line":60,"column":null}},"line":56},"7":{"name":"(anonymous_7)","decl":{"start":{"line":58,"column":35},"end":{"line":58,"column":36}},"loc":{"start":{"line":58,"column":60},"end":{"line":58,"column":89}},"line":58},"8":{"name":"(anonymous_8)","decl":{"start":{"line":62,"column":38},"end":{"line":62,"column":null}},"loc":{"start":{"line":64,"column":41},"end":{"line":64,"column":null}},"line":64},"9":{"name":"(anonymous_9)","decl":{"start":{"line":66,"column":22},"end":{"line":66,"column":null}},"loc":{"start":{"line":69,"column":5},"end":{"line":73,"column":null}},"line":69},"10":{"name":"(anonymous_10)","decl":{"start":{"line":71,"column":29},"end":{"line":71,"column":36}},"loc":{"start":{"line":71,"column":36},"end":{"line":71,"column":88}},"line":71}},"branchMap":{"0":{"loc":{"start":{"line":19,"column":8},"end":{"line":19,"column":null}},"type":"if","locations":[{"start":{"line":19,"column":8},"end":{"line":19,"column":null}},{"start":{},"end":{}}],"line":19},"1":{"loc":{"start":{"line":29,"column":4},"end":{"line":29,"column":null}},"type":"if","locations":[{"start":{"line":29,"column":4},"end":{"line":29,"column":null}},{"start":{},"end":{}}],"line":29},"2":{"loc":{"start":{"line":29,"column":43},"end":{"line":29,"column":null}},"type":"binary-expr","locations":[{"start":{"line":29,"column":43},"end":{"line":29,"column":58}},{"start":{"line":29,"column":58},"end":{"line":29,"column":null}}],"line":29},"3":{"loc":{"start":{"line":30,"column":4},"end":{"line":30,"column":null}},"type":"if","locations":[{"start":{"line":30,"column":4},"end":{"line":30,"column":null}},{"start":{},"end":{}}],"line":30},"4":{"loc":{"start":{"line":30,"column":47},"end":{"line":30,"column":null}},"type":"binary-expr","locations":[{"start":{"line":30,"column":47},"end":{"line":30,"column":63}},{"start":{"line":30,"column":63},"end":{"line":30,"column":null}}],"line":30},"5":{"loc":{"start":{"line":31,"column":4},"end":{"line":31,"column":null}},"type":"if","locations":[{"start":{"line":31,"column":4},"end":{"line":31,"column":null}},{"start":{},"end":{}}],"line":31},"6":{"loc":{"start":{"line":31,"column":44},"end":{"line":31,"column":null}},"type":"binary-expr","locations":[{"start":{"line":31,"column":44},"end":{"line":31,"column":60}},{"start":{"line":31,"column":60},"end":{"line":31,"column":null}}],"line":31},"7":{"loc":{"start":{"line":32,"column":4},"end":{"line":32,"column":null}},"type":"if","locations":[{"start":{"line":32,"column":4},"end":{"line":32,"column":null}},{"start":{},"end":{}}],"line":32},"8":{"loc":{"start":{"line":32,"column":49},"end":{"line":32,"column":null}},"type":"binary-expr","locations":[{"start":{"line":32,"column":49},"end":{"line":32,"column":65}},{"start":{"line":32,"column":65},"end":{"line":32,"column":null}}],"line":32},"9":{"loc":{"start":{"line":33,"column":4},"end":{"line":33,"column":null}},"type":"if","locations":[{"start":{"line":33,"column":4},"end":{"line":33,"column":null}},{"start":{},"end":{}}],"line":33},"10":{"loc":{"start":{"line":33,"column":41},"end":{"line":33,"column":null}},"type":"binary-expr","locations":[{"start":{"line":33,"column":41},"end":{"line":33,"column":54}},{"start":{"line":33,"column":54},"end":{"line":33,"column":null}}],"line":33},"11":{"loc":{"start":{"line":34,"column":4},"end":{"line":34,"column":null}},"type":"if","locations":[{"start":{"line":34,"column":4},"end":{"line":34,"column":null}},{"start":{},"end":{}}],"line":34},"12":{"loc":{"start":{"line":34,"column":64},"end":{"line":34,"column":null}},"type":"binary-expr","locations":[{"start":{"line":34,"column":64},"end":{"line":34,"column":82}},{"start":{"line":34,"column":82},"end":{"line":34,"column":null}}],"line":34},"13":{"loc":{"start":{"line":43,"column":4},"end":{"line":43,"column":null}},"type":"if","locations":[{"start":{"line":43,"column":4},"end":{"line":43,"column":null}},{"start":{},"end":{}}],"line":43},"14":{"loc":{"start":{"line":44,"column":4},"end":{"line":44,"column":null}},"type":"if","locations":[{"start":{"line":44,"column":4},"end":{"line":44,"column":null}},{"start":{},"end":{}}],"line":44},"15":{"loc":{"start":{"line":45,"column":4},"end":{"line":45,"column":null}},"type":"if","locations":[{"start":{"line":45,"column":4},"end":{"line":45,"column":null}},{"start":{},"end":{}}],"line":45},"16":{"loc":{"start":{"line":46,"column":4},"end":{"line":46,"column":null}},"type":"if","locations":[{"start":{"line":46,"column":4},"end":{"line":46,"column":null}},{"start":{},"end":{}}],"line":46},"17":{"loc":{"start":{"line":47,"column":4},"end":{"line":47,"column":null}},"type":"if","locations":[{"start":{"line":47,"column":4},"end":{"line":47,"column":null}},{"start":{},"end":{}}],"line":47},"18":{"loc":{"start":{"line":48,"column":4},"end":{"line":48,"column":null}},"type":"if","locations":[{"start":{"line":48,"column":4},"end":{"line":48,"column":null}},{"start":{},"end":{}}],"line":48},"19":{"loc":{"start":{"line":64,"column":41},"end":{"line":64,"column":null}},"type":"binary-expr","locations":[{"start":{"line":64,"column":41},"end":{"line":64,"column":73}},{"start":{"line":64,"column":73},"end":{"line":64,"column":null}}],"line":64},"20":{"loc":{"start":{"line":71,"column":37},"end":{"line":71,"column":84}},"type":"cond-expr","locations":[{"start":{"line":71,"column":63},"end":{"line":71,"column":74}},{"start":{"line":71,"column":74},"end":{"line":71,"column":84}}],"line":71}},"s":{"0":1,"1":0,"2":1,"3":0,"4":1,"5":0,"6":0,"7":0,"8":0,"9":1,"10":63,"11":7,"12":56,"13":11,"14":45,"15":13,"16":32,"17":32,"18":0,"19":0,"20":0,"21":0,"22":0,"23":1,"24":27,"25":0,"26":27,"27":0,"28":27,"29":0,"30":27,"31":27,"32":0,"33":0,"34":0,"35":0,"36":0,"37":1,"38":40,"39":59,"40":1,"41":16,"42":1,"43":1,"44":2},"f":{"0":0,"1":0,"2":0,"3":0,"4":63,"5":27,"6":40,"7":59,"8":16,"9":1,"10":2},"b":{"0":[0,0],"1":[7,56],"2":[7,0],"3":[11,45],"4":[11,1],"5":[13,32],"6":[13,1],"7":[32,0],"8":[32,32],"9":[0,0],"10":[0,0],"11":[0,0],"12":[0,0],"13":[0,27],"14":[0,27],"15":[0,27],"16":[27,0],"17":[0,0],"18":[0,0],"19":[16,7],"20":[0,2]},"meta":{"lastBranch":21,"lastFunction":11,"lastStatement":45,"seen":{"s:5:25:5:Infinity":0,"f:5:25:5:29":0,"s:5:60:5:Infinity":1,"s:8:27:8:Infinity":2,"f:8:27:8:31":1,"s:8:67:8:Infinity":3,"s:14:31:23:Infinity":4,"f:14:31:14:Infinity":2,"s:18:4:22:Infinity":5,"f:18:39:18:40":3,"b:19:8:19:Infinity:undefined:undefined:undefined:undefined":0,"s:19:8:19:Infinity":6,"s:19:34:19:Infinity":7,"s:21:8:21:Infinity":8,"s:25:37:37:Infinity":9,"f:25:37:25:Infinity":4,"b:29:4:29:Infinity:undefined:undefined:undefined:undefined":1,"s:29:4:29:Infinity":10,"s:29:26:29:Infinity":11,"b:29:43:29:58:29:58:29:Infinity":2,"b:30:4:30:Infinity:undefined:undefined:undefined:undefined":3,"s:30:4:30:Infinity":12,"s:30:27:30:Infinity":13,"b:30:47:30:63:30:63:30:Infinity":4,"b:31:4:31:Infinity:undefined:undefined:undefined:undefined":5,"s:31:4:31:Infinity":14,"s:31:27:31:Infinity":15,"b:31:44:31:60:31:60:31:Infinity":6,"b:32:4:32:Infinity:undefined:undefined:undefined:undefined":7,"s:32:4:32:Infinity":16,"s:32:27:32:Infinity":17,"b:32:49:32:65:32:65:32:Infinity":8,"b:33:4:33:Infinity:undefined:undefined:undefined:undefined":9,"s:33:4:33:Infinity":18,"s:33:24:33:Infinity":19,"b:33:41:33:54:33:54:33:Infinity":10,"b:34:4:34:Infinity:undefined:undefined:undefined:undefined":11,"s:34:4:34:Infinity":20,"s:34:29:34:Infinity":21,"b:34:64:34:82:34:82:34:Infinity":12,"s:36:4:36:Infinity":22,"s:39:40:51:Infinity":23,"f:39:40:39:Infinity":5,"b:43:4:43:Infinity:undefined:undefined:undefined:undefined":13,"s:43:4:43:Infinity":24,"s:43:26:43:Infinity":25,"b:44:4:44:Infinity:undefined:undefined:undefined:undefined":14,"s:44:4:44:Infinity":26,"s:44:27:44:Infinity":27,"b:45:4:45:Infinity:undefined:undefined:undefined:undefined":15,"s:45:4:45:Infinity":28,"s:45:27:45:Infinity":29,"b:46:4:46:Infinity:undefined:undefined:undefined:undefined":16,"s:46:4:46:Infinity":30,"s:46:27:46:Infinity":31,"b:47:4:47:Infinity:undefined:undefined:undefined:undefined":17,"s:47:4:47:Infinity":32,"s:47:24:47:Infinity":33,"b:48:4:48:Infinity:undefined:undefined:undefined:undefined":18,"s:48:4:48:Infinity":34,"s:48:29:48:Infinity":35,"s:50:4:50:Infinity":36,"s:53:25:60:Infinity":37,"f:53:25:53:Infinity":6,"s:57:4:59:Infinity":38,"f:58:35:58:36":7,"s:58:60:58:89":39,"s:62:38:64:Infinity":40,"f:62:38:62:Infinity":8,"s:64:41:64:Infinity":41,"b:64:41:64:73:64:73:64:Infinity":19,"s:66:22:73:Infinity":42,"f:66:22:66:Infinity":9,"s:70:4:72:Infinity":43,"f:71:29:71:36":10,"s:71:36:71:88":44,"b:71:63:71:74:71:74:71:84":20},"fnNames":{}}}
,"/Users/gerardoparedes/Documents/learncard/packages/learn-card-core/src/wallet/base/index.ts": {"path":"/Users/gerardoparedes/Documents/learncard/packages/learn-card-core/src/wallet/base/index.ts","statementMap":{},"fnMap":{},"branchMap":{},"s":{},"f":{},"b":{},"meta":{"lastBranch":0,"lastFunction":0,"lastStatement":0,"seen":{},"fnNames":{}}}
,"/Users/gerardoparedes/Documents/learncard/packages/learn-card-core/src/wallet/base/wallet.ts": {"path":"/Users/gerardoparedes/Documents/learncard/packages/learn-card-core/src/wallet/base/wallet.ts","statementMap":{"0":{"start":{"line":33,"column":26},"end":{"line":48,"column":null}},"1":{"start":{"line":37,"column":4},"end":{"line":47,"column":null}},"2":{"start":{"line":38,"column":8},"end":{"line":44,"column":null}},"3":{"start":{"line":39,"column":12},"end":{"line":43,"column":null}},"4":{"start":{"line":46,"column":8},"end":{"line":46,"column":null}},"5":{"start":{"line":50,"column":39},"end":{"line":53,"column":null}},"6":{"start":{"line":52,"column":4},"end":{"line":53,"column":null}},"7":{"start":{"line":53,"column":30},"end":{"line":53,"column":63}},"8":{"start":{"line":55,"column":29},"end":{"line":65,"column":null}},"9":{"start":{"line":59,"column":4},"end":{"line":59,"column":null}},"10":{"start":{"line":61,"column":4},"end":{"line":64,"column":null}},"11":{"start":{"line":67,"column":26},"end":{"line":120,"column":null}},"12":{"start":{"line":76,"column":4},"end":{"line":119,"column":null}},"13":{"start":{"line":78,"column":12},"end":{"line":78,"column":null}},"14":{"start":{"line":80,"column":12},"end":{"line":80,"column":null}},"15":{"start":{"line":80,"column":22},"end":{"line":80,"column":null}},"16":{"start":{"line":82,"column":12},"end":{"line":84,"column":null}},"17":{"start":{"line":83,"column":16},"end":{"line":83,"column":null}},"18":{"start":{"line":86,"column":12},"end":{"line":98,"column":null}},"19":{"start":{"line":87,"column":39},"end":{"line":87,"column":null}},"20":{"start":{"line":89,"column":16},"end":{"line":97,"column":null}},"21":{"start":{"line":90,"column":20},"end":{"line":94,"column":null}},"22":{"start":{"line":91,"column":24},"end":{"line":93,"column":null}},"23":{"start":{"line":93,"column":41},"end":{"line":93,"column":72}},"24":{"start":{"line":96,"column":20},"end":{"line":96,"column":null}},"25":{"start":{"line":100,"column":28},"end":{"line":108,"column":null}},"26":{"start":{"line":102,"column":20},"end":{"line":104,"column":null}},"27":{"start":{"line":103,"column":24},"end":{"line":103,"column":null}},"28":{"start":{"line":106,"column":20},"end":{"line":106,"column":null}},"29":{"start":{"line":110,"column":23},"end":{"line":110,"column":null}},"30":{"start":{"line":112,"column":12},"end":{"line":114,"column":null}},"31":{"start":{"line":113,"column":16},"end":{"line":113,"column":null}},"32":{"start":{"line":116,"column":12},"end":{"line":116,"column":null}},"33":{"start":{"line":122,"column":31},"end":{"line":183,"column":null}},"34":{"start":{"line":141,"column":6},"end":{"line":183,"column":null}},"35":{"start":{"line":143,"column":20},"end":{"line":143,"column":null}},"36":{"start":{"line":145,"column":8},"end":{"line":147,"column":null}},"37":{"start":{"line":146,"column":12},"end":{"line":146,"column":null}},"38":{"start":{"line":149,"column":8},"end":{"line":149,"column":null}},"39":{"start":{"line":156,"column":30},"end":{"line":156,"column":null}},"40":{"start":{"line":158,"column":18},"end":{"line":160,"column":null}},"41":{"start":{"line":159,"column":22},"end":{"line":159,"column":null}},"42":{"start":{"line":162,"column":18},"end":{"line":162,"column":null}},"43":{"start":{"line":169,"column":33},"end":{"line":169,"column":null}},"44":{"start":{"line":171,"column":18},"end":{"line":177,"column":null}},"45":{"start":{"line":176,"column":22},"end":{"line":176,"column":null}},"46":{"start":{"line":179,"column":18},"end":{"line":179,"column":null}},"47":{"start":{"line":185,"column":27},"end":{"line":204,"column":null}},"48":{"start":{"line":192,"column":25},"end":{"line":201,"column":null}},"49":{"start":{"line":193,"column":8},"end":{"line":198,"column":null}},"50":{"start":{"line":194,"column":12},"end":{"line":197,"column":null}},"51":{"start":{"line":200,"column":8},"end":{"line":200,"column":null}},"52":{"start":{"line":203,"column":4},"end":{"line":203,"column":null}},"53":{"start":{"line":206,"column":31},"end":{"line":406,"column":null}},"54":{"start":{"line":226,"column":6},"end":{"line":406,"column":null}},"55":{"start":{"line":228,"column":8},"end":{"line":230,"column":null}},"56":{"start":{"line":229,"column":12},"end":{"line":229,"column":null}},"57":{"start":{"line":232,"column":8},"end":{"line":244,"column":null}},"58":{"start":{"line":233,"column":35},"end":{"line":233,"column":null}},"59":{"start":{"line":235,"column":12},"end":{"line":243,"column":null}},"60":{"start":{"line":236,"column":16},"end":{"line":240,"column":null}},"61":{"start":{"line":237,"column":20},"end":{"line":239,"column":null}},"62":{"start":{"line":238,"column":24},"end":{"line":238,"column":null}},"63":{"start":{"line":242,"column":16},"end":{"line":242,"column":null}},"64":{"start":{"line":246,"column":21},"end":{"line":246,"column":null}},"65":{"start":{"line":248,"column":8},"end":{"line":250,"column":null}},"66":{"start":{"line":249,"column":12},"end":{"line":249,"column":null}},"67":{"start":{"line":252,"column":8},"end":{"line":252,"column":null}},"68":{"start":{"line":262,"column":18},"end":{"line":264,"column":null}},"69":{"start":{"line":263,"column":22},"end":{"line":263,"column":null}},"70":{"start":{"line":266,"column":18},"end":{"line":291,"column":null}},"71":{"start":{"line":267,"column":45},"end":{"line":271,"column":null}},"72":{"start":{"line":273,"column":22},"end":{"line":290,"column":null}},"73":{"start":{"line":274,"column":26},"end":{"line":287,"column":null}},"74":{"start":{"line":275,"column":30},"end":{"line":286,"column":null}},"75":{"start":{"line":280,"column":38},"end":{"line":285,"column":null}},"76":{"start":{"line":289,"column":26},"end":{"line":289,"column":null}},"77":{"start":{"line":293,"column":33},"end":{"line":293,"column":null}},"78":{"start":{"line":295,"column":18},"end":{"line":306,"column":null}},"79":{"start":{"line":300,"column":22},"end":{"line":305,"column":null}},"80":{"start":{"line":308,"column":18},"end":{"line":308,"column":null}},"81":{"start":{"line":315,"column":18},"end":{"line":317,"column":null}},"82":{"start":{"line":316,"column":22},"end":{"line":316,"column":null}},"83":{"start":{"line":319,"column":18},"end":{"line":338,"column":null}},"84":{"start":{"line":320,"column":45},"end":{"line":323,"column":null}},"85":{"start":{"line":325,"column":22},"end":{"line":337,"column":null}},"86":{"start":{"line":326,"column":26},"end":{"line":334,"column":null}},"87":{"start":{"line":327,"column":30},"end":{"line":333,"column":null}},"88":{"start":{"line":332,"column":38},"end":{"line":332,"column":null}},"89":{"start":{"line":336,"column":26},"end":{"line":336,"column":null}},"90":{"start":{"line":340,"column":33},"end":{"line":340,"column":null}},"91":{"start":{"line":342,"column":18},"end":{"line":348,"column":null}},"92":{"start":{"line":347,"column":22},"end":{"line":347,"column":null}},"93":{"start":{"line":350,"column":18},"end":{"line":350,"column":null}},"94":{"start":{"line":355,"column":23},"end":{"line":355,"column":null}},"95":{"start":{"line":356,"column":8},"end":{"line":358,"column":null}},"96":{"start":{"line":357,"column":12},"end":{"line":357,"column":null}},"97":{"start":{"line":360,"column":8},"end":{"line":360,"column":null}},"98":{"start":{"line":365,"column":33},"end":{"line":365,"column":null}},"99":{"start":{"line":367,"column":18},"end":{"line":369,"column":null}},"100":{"start":{"line":368,"column":22},"end":{"line":368,"column":null}},"101":{"start":{"line":371,"column":18},"end":{"line":371,"column":null}},"102":{"start":{"line":376,"column":23},"end":{"line":376,"column":null}},"103":{"start":{"line":378,"column":8},"end":{"line":380,"column":null}},"104":{"start":{"line":379,"column":12},"end":{"line":379,"column":null}},"105":{"start":{"line":382,"column":8},"end":{"line":382,"column":null}},"106":{"start":{"line":385,"column":23},"end":{"line":385,"column":null}},"107":{"start":{"line":387,"column":8},"end":{"line":389,"column":null}},"108":{"start":{"line":388,"column":12},"end":{"line":388,"column":null}},"109":{"start":{"line":391,"column":8},"end":{"line":391,"column":null}},"110":{"start":{"line":396,"column":33},"end":{"line":396,"column":null}},"111":{"start":{"line":398,"column":18},"end":{"line":400,"column":null}},"112":{"start":{"line":399,"column":22},"end":{"line":399,"column":null}},"113":{"start":{"line":402,"column":18},"end":{"line":402,"column":null}},"114":{"start":{"line":408,"column":27},"end":{"line":477,"column":null}},"115":{"start":{"line":415,"column":29},"end":{"line":427,"column":null}},"116":{"start":{"line":417,"column":12},"end":{"line":422,"column":null}},"117":{"start":{"line":418,"column":16},"end":{"line":421,"column":null}},"118":{"start":{"line":424,"column":12},"end":{"line":424,"column":null}},"119":{"start":{"line":429,"column":41},"end":{"line":474,"column":null}},"120":{"start":{"line":434,"column":12},"end":{"line":434,"column":null}},"121":{"start":{"line":436,"column":12},"end":{"line":438,"column":null}},"122":{"start":{"line":437,"column":16},"end":{"line":437,"column":null}},"123":{"start":{"line":440,"column":12},"end":{"line":452,"column":null}},"124":{"start":{"line":441,"column":39},"end":{"line":441,"column":null}},"125":{"start":{"line":443,"column":16},"end":{"line":451,"column":null}},"126":{"start":{"line":444,"column":20},"end":{"line":448,"column":null}},"127":{"start":{"line":445,"column":24},"end":{"line":447,"column":null}},"128":{"start":{"line":447,"column":41},"end":{"line":447,"column":90}},"129":{"start":{"line":450,"column":20},"end":{"line":450,"column":null}},"130":{"start":{"line":454,"column":18},"end":{"line":464,"column":null}},"131":{"start":{"line":457,"column":24},"end":{"line":457,"column":null}},"132":{"start":{"line":457,"column":69},"end":{"line":457,"column":null}},"133":{"start":{"line":459,"column":24},"end":{"line":459,"column":null}},"134":{"start":{"line":466,"column":18},"end":{"line":466,"column":null}},"135":{"start":{"line":468,"column":12},"end":{"line":470,"column":null}},"136":{"start":{"line":469,"column":16},"end":{"line":469,"column":null}},"137":{"start":{"line":472,"column":12},"end":{"line":472,"column":null}},"138":{"start":{"line":476,"column":4},"end":{"line":476,"column":null}},"139":{"start":{"line":479,"column":27},"end":{"line":697,"column":null}},"140":{"start":{"line":486,"column":4},"end":{"line":696,"column":null}},"141":{"start":{"line":491,"column":12},"end":{"line":491,"column":null}},"142":{"start":{"line":493,"column":12},"end":{"line":511,"column":null}},"143":{"start":{"line":494,"column":32},"end":{"line":504,"column":null}},"144":{"start":{"line":496,"column":24},"end":{"line":498,"column":null}},"145":{"start":{"line":497,"column":28},"end":{"line":497,"column":null}},"146":{"start":{"line":500,"column":24},"end":{"line":500,"column":null}},"147":{"start":{"line":506,"column":30},"end":{"line":506,"column":null}},"148":{"start":{"line":508,"column":16},"end":{"line":508,"column":null}},"149":{"start":{"line":510,"column":16},"end":{"line":510,"column":null}},"150":{"start":{"line":514,"column":12},"end":{"line":514,"column":null}},"151":{"start":{"line":516,"column":27},"end":{"line":524,"column":null}},"152":{"start":{"line":518,"column":20},"end":{"line":520,"column":null}},"153":{"start":{"line":519,"column":24},"end":{"line":519,"column":null}},"154":{"start":{"line":522,"column":20},"end":{"line":522,"column":null}},"155":{"start":{"line":526,"column":12},"end":{"line":526,"column":null}},"156":{"start":{"line":526,"column":48},"end":{"line":526,"column":84}},"157":{"start":{"line":533,"column":12},"end":{"line":533,"column":null}},"158":{"start":{"line":535,"column":12},"end":{"line":563,"column":null}},"159":{"start":{"line":536,"column":32},"end":{"line":556,"column":null}},"160":{"start":{"line":538,"column":24},"end":{"line":540,"column":null}},"161":{"start":{"line":539,"column":28},"end":{"line":539,"column":null}},"162":{"start":{"line":542,"column":24},"end":{"line":547,"column":null}},"163":{"start":{"line":558,"column":30},"end":{"line":558,"column":null}},"164":{"start":{"line":560,"column":16},"end":{"line":560,"column":null}},"165":{"start":{"line":562,"column":16},"end":{"line":562,"column":null}},"166":{"start":{"line":566,"column":12},"end":{"line":566,"column":null}},"167":{"start":{"line":568,"column":27},"end":{"line":582,"column":null}},"168":{"start":{"line":570,"column":20},"end":{"line":572,"column":null}},"169":{"start":{"line":571,"column":24},"end":{"line":571,"column":null}},"170":{"start":{"line":574,"column":20},"end":{"line":580,"column":null}},"171":{"start":{"line":584,"column":12},"end":{"line":584,"column":null}},"172":{"start":{"line":584,"column":48},"end":{"line":584,"column":84}},"173":{"start":{"line":590,"column":12},"end":{"line":590,"column":null}},"174":{"start":{"line":592,"column":12},"end":{"line":612,"column":null}},"175":{"start":{"line":593,"column":32},"end":{"line":605,"column":null}},"176":{"start":{"line":595,"column":24},"end":{"line":597,"column":null}},"177":{"start":{"line":596,"column":28},"end":{"line":596,"column":null}},"178":{"start":{"line":599,"column":24},"end":{"line":603,"column":null}},"179":{"start":{"line":607,"column":30},"end":{"line":607,"column":null}},"180":{"start":{"line":609,"column":16},"end":{"line":609,"column":null}},"181":{"start":{"line":611,"column":16},"end":{"line":611,"column":null}},"182":{"start":{"line":615,"column":12},"end":{"line":615,"column":null}},"183":{"start":{"line":617,"column":27},"end":{"line":625,"column":null}},"184":{"start":{"line":619,"column":20},"end":{"line":621,"column":null}},"185":{"start":{"line":620,"column":24},"end":{"line":620,"column":null}},"186":{"start":{"line":623,"column":20},"end":{"line":623,"column":null}},"187":{"start":{"line":627,"column":12},"end":{"line":627,"column":null}},"188":{"start":{"line":627,"column":48},"end":{"line":627,"column":84}},"189":{"start":{"line":630,"column":12},"end":{"line":630,"column":null}},"190":{"start":{"line":632,"column":27},"end":{"line":640,"column":null}},"191":{"start":{"line":634,"column":20},"end":{"line":636,"column":null}},"192":{"start":{"line":635,"column":24},"end":{"line":635,"column":null}},"193":{"start":{"line":638,"column":20},"end":{"line":638,"column":null}},"194":{"start":{"line":642,"column":12},"end":{"line":642,"column":null}},"195":{"start":{"line":642,"column":48},"end":{"line":642,"column":84}},"196":{"start":{"line":645,"column":12},"end":{"line":645,"column":null}},"197":{"start":{"line":647,"column":12},"end":{"line":663,"column":null}},"198":{"start":{"line":648,"column":32},"end":{"line":656,"column":null}},"199":{"start":{"line":650,"column":24},"end":{"line":652,"column":null}},"200":{"start":{"line":651,"column":28},"end":{"line":651,"column":null}},"201":{"start":{"line":654,"column":24},"end":{"line":654,"column":null}},"202":{"start":{"line":658,"column":27},"end":{"line":658,"column":null}},"203":{"start":{"line":660,"column":16},"end":{"line":660,"column":null}},"204":{"start":{"line":662,"column":16},"end":{"line":662,"column":null}},"205":{"start":{"line":666,"column":12},"end":{"line":666,"column":null}},"206":{"start":{"line":668,"column":27},"end":{"line":676,"column":null}},"207":{"start":{"line":670,"column":20},"end":{"line":672,"column":null}},"208":{"start":{"line":671,"column":24},"end":{"line":671,"column":null}},"209":{"start":{"line":674,"column":20},"end":{"line":674,"column":null}},"210":{"start":{"line":678,"column":12},"end":{"line":678,"column":null}},"211":{"start":{"line":678,"column":48},"end":{"line":678,"column":84}},"212":{"start":{"line":681,"column":12},"end":{"line":681,"column":null}},"213":{"start":{"line":683,"column":27},"end":{"line":691,"column":null}},"214":{"start":{"line":685,"column":20},"end":{"line":687,"column":null}},"215":{"start":{"line":686,"column":24},"end":{"line":686,"column":null}},"216":{"start":{"line":689,"column":20},"end":{"line":689,"column":null}},"217":{"start":{"line":693,"column":12},"end":{"line":693,"column":null}},"218":{"start":{"line":693,"column":48},"end":{"line":693,"column":84}},"219":{"start":{"line":699,"column":24},"end":{"line":743,"column":null}},"220":{"start":{"line":706,"column":4},"end":{"line":742,"column":null}},"221":{"start":{"line":708,"column":12},"end":{"line":708,"column":null}},"222":{"start":{"line":710,"column":18},"end":{"line":718,"column":null}},"223":{"start":{"line":711,"column":16},"end":{"line":717,"column":null}},"224":{"start":{"line":712,"column":20},"end":{"line":712,"column":null}},"225":{"start":{"line":712,"column":62},"end":{"line":712,"column":null}},"226":{"start":{"line":714,"column":20},"end":{"line":714,"column":null}},"227":{"start":{"line":716,"column":20},"end":{"line":716,"column":null}},"228":{"start":{"line":720,"column":12},"end":{"line":720,"column":null}},"229":{"start":{"line":720,"column":25},"end":{"line":720,"column":null}},"230":{"start":{"line":722,"column":12},"end":{"line":722,"column":null}},"231":{"start":{"line":725,"column":12},"end":{"line":725,"column":null}},"232":{"start":{"line":727,"column":18},"end":{"line":735,"column":null}},"233":{"start":{"line":728,"column":16},"end":{"line":734,"column":null}},"234":{"start":{"line":729,"column":20},"end":{"line":729,"column":null}},"235":{"start":{"line":729,"column":62},"end":{"line":729,"column":null}},"236":{"start":{"line":731,"column":20},"end":{"line":731,"column":null}},"237":{"start":{"line":733,"column":20},"end":{"line":733,"column":null}},"238":{"start":{"line":737,"column":12},"end":{"line":737,"column":null}},"239":{"start":{"line":737,"column":25},"end":{"line":737,"column":null}},"240":{"start":{"line":739,"column":12},"end":{"line":739,"column":null}},"241":{"start":{"line":745,"column":29},"end":{"line":780,"column":null}},"242":{"start":{"line":752,"column":4},"end":{"line":779,"column":null}},"243":{"start":{"line":754,"column":12},"end":{"line":754,"column":null}},"244":{"start":{"line":756,"column":34},"end":{"line":762,"column":null}},"245":{"start":{"line":758,"column":20},"end":{"line":758,"column":null}},"246":{"start":{"line":758,"column":67},"end":{"line":758,"column":null}},"247":{"start":{"line":760,"column":20},"end":{"line":760,"column":null}},"248":{"start":{"line":764,"column":33},"end":{"line":764,"column":null}},"249":{"start":{"line":766,"column":12},"end":{"line":766,"column":null}},"250":{"start":{"line":766,"column":46},"end":{"line":766,"column":null}},"251":{"start":{"line":768,"column":34},"end":{"line":774,"column":null}},"252":{"start":{"line":770,"column":20},"end":{"line":770,"column":null}},"253":{"start":{"line":770,"column":67},"end":{"line":770,"column":null}},"254":{"start":{"line":772,"column":20},"end":{"line":772,"column":null}},"255":{"start":{"line":776,"column":12},"end":{"line":776,"column":null}},"256":{"start":{"line":782,"column":20},"end":{"line":789,"column":null}},"257":{"start":{"line":789,"column":20},"end":{"line":789,"column":null}},"258":{"start":{"line":792,"column":33},"end":{"line":832,"column":null}},"259":{"start":{"line":799,"column":51},"end":{"line":799,"column":null}},"260":{"start":{"line":801,"column":26},"end":{"line":805,"column":null}},"261":{"start":{"line":802,"column":33},"end":{"line":802,"column":null}},"262":{"start":{"line":804,"column":8},"end":{"line":804,"column":null}},"263":{"start":{"line":807,"column":72},"end":{"line":820,"column":null}},"264":{"start":{"line":817,"column":12},"end":{"line":817,"column":null}},"265":{"start":{"line":822,"column":5},"end":{"line":822,"column":null}},"266":{"start":{"line":823,"column":5},"end":{"line":823,"column":null}},"267":{"start":{"line":824,"column":5},"end":{"line":824,"column":null}},"268":{"start":{"line":825,"column":5},"end":{"line":825,"column":null}},"269":{"start":{"line":826,"column":5},"end":{"line":826,"column":null}},"270":{"start":{"line":827,"column":5},"end":{"line":827,"column":null}},"271":{"start":{"line":829,"column":4},"end":{"line":829,"column":null}},"272":{"start":{"line":829,"column":23},"end":{"line":829,"column":null}},"273":{"start":{"line":831,"column":4},"end":{"line":831,"column":null}}},"fnMap":{"0":{"name":"(anonymous_0)","decl":{"start":{"line":33,"column":26},"end":{"line":33,"column":null}},"loc":{"start":{"line":36,"column":40},"end":{"line":48,"column":null}},"line":36},"1":{"name":"(anonymous_1)","decl":{"start":{"line":37,"column":26},"end":{"line":37,"column":27}},"loc":{"start":{"line":37,"column":49},"end":{"line":47,"column":7}},"line":37},"2":{"name":"(anonymous_2)","decl":{"start":{"line":50,"column":39},"end":{"line":50,"column":null}},"loc":{"start":{"line":52,"column":4},"end":{"line":53,"column":null}},"line":52},"3":{"name":"(anonymous_3)","decl":{"start":{"line":53,"column":20},"end":{"line":53,"column":30}},"loc":{"start":{"line":53,"column":30},"end":{"line":53,"column":63}},"line":53},"4":{"name":"(anonymous_4)","decl":{"start":{"line":55,"column":29},"end":{"line":55,"column":null}},"loc":{"start":{"line":58,"column":50},"end":{"line":65,"column":null}},"line":58},"5":{"name":"(anonymous_5)","decl":{"start":{"line":67,"column":26},"end":{"line":67,"column":null}},"loc":{"start":{"line":75,"column":34},"end":{"line":120,"column":null}},"line":75},"6":{"name":"(anonymous_6)","decl":{"start":{"line":77,"column":13},"end":{"line":77,"column":20}},"loc":{"start":{"line":77,"column":60},"end":{"line":117,"column":null}},"line":77},"7":{"name":"(anonymous_7)","decl":{"start":{"line":93,"column":34},"end":{"line":93,"column":41}},"loc":{"start":{"line":93,"column":41},"end":{"line":93,"column":72}},"line":93},"8":{"name":"(anonymous_8)","decl":{"start":{"line":101,"column":38},"end":{"line":101,"column":44}},"loc":{"start":{"line":101,"column":54},"end":{"line":107,"column":17}},"line":101},"9":{"name":"(anonymous_9)","decl":{"start":{"line":122,"column":31},"end":{"line":122,"column":null}},"loc":{"start":{"line":141,"column":6},"end":{"line":183,"column":null}},"line":141},"10":{"name":"(anonymous_10)","decl":{"start":{"line":142,"column":12},"end":{"line":142,"column":19}},"loc":{"start":{"line":142,"column":70},"end":{"line":150,"column":null}},"line":142},"11":{"name":"(anonymous_11)","decl":{"start":{"line":155,"column":31},"end":{"line":155,"column":38}},"loc":{"start":{"line":155,"column":97},"end":{"line":163,"column":null}},"line":155},"12":{"name":"(anonymous_12)","decl":{"start":{"line":168,"column":22},"end":{"line":168,"column":29}},"loc":{"start":{"line":168,"column":81},"end":{"line":180,"column":null}},"line":168},"13":{"name":"(anonymous_13)","decl":{"start":{"line":185,"column":27},"end":{"line":185,"column":null}},"loc":{"start":{"line":191,"column":35},"end":{"line":204,"column":null}},"line":191},"14":{"name":"(anonymous_14)","decl":{"start":{"line":192,"column":50},"end":{"line":192,"column":51}},"loc":{"start":{"line":192,"column":70},"end":{"line":201,"column":7}},"line":192},"15":{"name":"(anonymous_15)","decl":{"start":{"line":206,"column":31},"end":{"line":206,"column":null}},"loc":{"start":{"line":226,"column":6},"end":{"line":406,"column":null}},"line":226},"16":{"name":"(anonymous_16)","decl":{"start":{"line":227,"column":9},"end":{"line":227,"column":16}},"loc":{"start":{"line":227,"column":70},"end":{"line":253,"column":null}},"line":227},"17":{"name":"(anonymous_17)","decl":{"start":{"line":237,"column":79},"end":{"line":237,"column":86}},"loc":{"start":{"line":237,"column":86},"end":{"line":239,"column":21}},"line":237},"18":{"name":"(anonymous_18)","decl":{"start":{"line":256,"column":23},"end":{"line":256,"column":null}},"loc":{"start":{"line":261,"column":19},"end":{"line":309,"column":null}},"line":261},"19":{"name":"(anonymous_19)","decl":{"start":{"line":279,"column":40},"end":{"line":279,"column":41}},"loc":{"start":{"line":279,"column":54},"end":{"line":286,"column":35}},"line":279},"20":{"name":"(anonymous_20)","decl":{"start":{"line":314,"column":24},"end":{"line":314,"column":31}},"loc":{"start":{"line":314,"column":85},"end":{"line":351,"column":null}},"line":314},"21":{"name":"(anonymous_21)","decl":{"start":{"line":331,"column":40},"end":{"line":331,"column":41}},"loc":{"start":{"line":332,"column":38},"end":{"line":332,"column":null}},"line":332},"22":{"name":"(anonymous_22)","decl":{"start":{"line":354,"column":9},"end":{"line":354,"column":16}},"loc":{"start":{"line":354,"column":71},"end":{"line":361,"column":null}},"line":354},"23":{"name":"(anonymous_23)","decl":{"start":{"line":364,"column":23},"end":{"line":364,"column":30}},"loc":{"start":{"line":364,"column":86},"end":{"line":372,"column":null}},"line":364},"24":{"name":"(anonymous_24)","decl":{"start":{"line":375,"column":12},"end":{"line":375,"column":19}},"loc":{"start":{"line":375,"column":78},"end":{"line":383,"column":null}},"line":375},"25":{"name":"(anonymous_25)","decl":{"start":{"line":384,"column":12},"end":{"line":384,"column":19}},"loc":{"start":{"line":384,"column":70},"end":{"line":392,"column":null}},"line":384},"26":{"name":"(anonymous_26)","decl":{"start":{"line":395,"column":25},"end":{"line":395,"column":32}},"loc":{"start":{"line":395,"column":79},"end":{"line":403,"column":null}},"line":395},"27":{"name":"(anonymous_27)","decl":{"start":{"line":408,"column":27},"end":{"line":408,"column":null}},"loc":{"start":{"line":414,"column":35},"end":{"line":477,"column":null}},"line":414},"28":{"name":"(anonymous_28)","decl":{"start":{"line":416,"column":8},"end":{"line":416,"column":9}},"loc":{"start":{"line":416,"column":28},"end":{"line":425,"column":null}},"line":416},"29":{"name":"(anonymous_29)","decl":{"start":{"line":430,"column":13},"end":{"line":430,"column":null}},"loc":{"start":{"line":433,"column":13},"end":{"line":473,"column":null}},"line":433},"30":{"name":"(anonymous_30)","decl":{"start":{"line":447,"column":34},"end":{"line":447,"column":41}},"loc":{"start":{"line":447,"column":41},"end":{"line":447,"column":90}},"line":447},"31":{"name":"(anonymous_31)","decl":{"start":{"line":456,"column":42},"end":{"line":456,"column":48}},"loc":{"start":{"line":456,"column":58},"end":{"line":462,"column":21}},"line":456},"32":{"name":"(anonymous_32)","decl":{"start":{"line":479,"column":27},"end":{"line":479,"column":null}},"loc":{"start":{"line":485,"column":35},"end":{"line":697,"column":null}},"line":485},"33":{"name":"(anonymous_33)","decl":{"start":{"line":487,"column":18},"end":{"line":487,"column":null}},"loc":{"start":{"line":490,"column":13},"end":{"line":512,"column":null}},"line":490},"34":{"name":"(anonymous_34)","decl":{"start":{"line":495,"column":42},"end":{"line":495,"column":48}},"loc":{"start":{"line":495,"column":58},"end":{"line":503,"column":21}},"line":495},"35":{"name":"(anonymous_35)","decl":{"start":{"line":513,"column":18},"end":{"line":513,"column":25}},"loc":{"start":{"line":513,"column":48},"end":{"line":527,"column":null}},"line":513},"36":{"name":"(anonymous_36)","decl":{"start":{"line":517,"column":38},"end":{"line":517,"column":44}},"loc":{"start":{"line":517,"column":54},"end":{"line":523,"column":17}},"line":517},"37":{"name":"(anonymous_37)","decl":{"start":{"line":526,"column":31},"end":{"line":526,"column":48}},"loc":{"start":{"line":526,"column":48},"end":{"line":526,"column":84}},"line":526},"38":{"name":"(anonymous_38)","decl":{"start":{"line":528,"column":22},"end":{"line":528,"column":null}},"loc":{"start":{"line":532,"column":13},"end":{"line":564,"column":null}},"line":532},"39":{"name":"(anonymous_39)","decl":{"start":{"line":537,"column":42},"end":{"line":537,"column":48}},"loc":{"start":{"line":537,"column":58},"end":{"line":555,"column":21}},"line":537},"40":{"name":"(anonymous_40)","decl":{"start":{"line":565,"column":22},"end":{"line":565,"column":29}},"loc":{"start":{"line":565,"column":71},"end":{"line":585,"column":null}},"line":565},"41":{"name":"(anonymous_41)","decl":{"start":{"line":569,"column":38},"end":{"line":569,"column":44}},"loc":{"start":{"line":569,"column":54},"end":{"line":581,"column":17}},"line":569},"42":{"name":"(anonymous_42)","decl":{"start":{"line":584,"column":31},"end":{"line":584,"column":48}},"loc":{"start":{"line":584,"column":48},"end":{"line":584,"column":84}},"line":584},"43":{"name":"(anonymous_43)","decl":{"start":{"line":586,"column":23},"end":{"line":586,"column":null}},"loc":{"start":{"line":589,"column":13},"end":{"line":613,"column":null}},"line":589},"44":{"name":"(anonymous_44)","decl":{"start":{"line":594,"column":42},"end":{"line":594,"column":48}},"loc":{"start":{"line":594,"column":58},"end":{"line":604,"column":21}},"line":594},"45":{"name":"(anonymous_45)","decl":{"start":{"line":614,"column":23},"end":{"line":614,"column":30}},"loc":{"start":{"line":614,"column":53},"end":{"line":628,"column":null}},"line":614},"46":{"name":"(anonymous_46)","decl":{"start":{"line":618,"column":38},"end":{"line":618,"column":44}},"loc":{"start":{"line":618,"column":54},"end":{"line":624,"column":17}},"line":618},"47":{"name":"(anonymous_47)","decl":{"start":{"line":627,"column":31},"end":{"line":627,"column":48}},"loc":{"start":{"line":627,"column":48},"end":{"line":627,"column":84}},"line":627},"48":{"name":"(anonymous_48)","decl":{"start":{"line":629,"column":20},"end":{"line":629,"column":32}},"loc":{"start":{"line":629,"column":32},"end":{"line":643,"column":null}},"line":629},"49":{"name":"(anonymous_49)","decl":{"start":{"line":633,"column":38},"end":{"line":633,"column":44}},"loc":{"start":{"line":633,"column":54},"end":{"line":639,"column":17}},"line":633},"50":{"name":"(anonymous_50)","decl":{"start":{"line":642,"column":31},"end":{"line":642,"column":48}},"loc":{"start":{"line":642,"column":48},"end":{"line":642,"column":84}},"line":642},"51":{"name":"(anonymous_51)","decl":{"start":{"line":644,"column":15},"end":{"line":644,"column":21}},"loc":{"start":{"line":644,"column":28},"end":{"line":664,"column":null}},"line":644},"52":{"name":"(anonymous_52)","decl":{"start":{"line":649,"column":42},"end":{"line":649,"column":48}},"loc":{"start":{"line":649,"column":58},"end":{"line":655,"column":21}},"line":649},"53":{"name":"(anonymous_53)","decl":{"start":{"line":665,"column":15},"end":{"line":665,"column":22}},"loc":{"start":{"line":665,"column":37},"end":{"line":679,"column":null}},"line":665},"54":{"name":"(anonymous_54)","decl":{"start":{"line":669,"column":38},"end":{"line":669,"column":44}},"loc":{"start":{"line":669,"column":54},"end":{"line":675,"column":17}},"line":669},"55":{"name":"(anonymous_55)","decl":{"start":{"line":678,"column":31},"end":{"line":678,"column":48}},"loc":{"start":{"line":678,"column":48},"end":{"line":678,"column":84}},"line":678},"56":{"name":"(anonymous_56)","decl":{"start":{"line":680,"column":17},"end":{"line":680,"column":29}},"loc":{"start":{"line":680,"column":29},"end":{"line":694,"column":null}},"line":680},"57":{"name":"(anonymous_57)","decl":{"start":{"line":684,"column":38},"end":{"line":684,"column":44}},"loc":{"start":{"line":684,"column":54},"end":{"line":690,"column":17}},"line":684},"58":{"name":"(anonymous_58)","decl":{"start":{"line":693,"column":31},"end":{"line":693,"column":48}},"loc":{"start":{"line":693,"column":48},"end":{"line":693,"column":84}},"line":693},"59":{"name":"(anonymous_59)","decl":{"start":{"line":699,"column":24},"end":{"line":699,"column":null}},"loc":{"start":{"line":705,"column":32},"end":{"line":743,"column":null}},"line":705},"60":{"name":"(anonymous_60)","decl":{"start":{"line":707,"column":13},"end":{"line":707,"column":23}},"loc":{"start":{"line":707,"column":23},"end":{"line":723,"column":null}},"line":707},"61":{"name":"(anonymous_61)","decl":{"start":{"line":710,"column":77},"end":{"line":710,"column":87}},"loc":{"start":{"line":710,"column":87},"end":{"line":718,"column":13}},"line":710},"62":{"name":"(anonymous_62)","decl":{"start":{"line":724,"column":17},"end":{"line":724,"column":30}},"loc":{"start":{"line":724,"column":30},"end":{"line":740,"column":null}},"line":724},"63":{"name":"(anonymous_63)","decl":{"start":{"line":727,"column":62},"end":{"line":727,"column":72}},"loc":{"start":{"line":727,"column":72},"end":{"line":735,"column":13}},"line":727},"64":{"name":"(anonymous_64)","decl":{"start":{"line":745,"column":29},"end":{"line":745,"column":null}},"loc":{"start":{"line":751,"column":37},"end":{"line":780,"column":null}},"line":751},"65":{"name":"(anonymous_65)","decl":{"start":{"line":753,"column":25},"end":{"line":753,"column":32}},"loc":{"start":{"line":753,"column":61},"end":{"line":777,"column":null}},"line":753},"66":{"name":"(anonymous_66)","decl":{"start":{"line":757,"column":38},"end":{"line":757,"column":44}},"loc":{"start":{"line":757,"column":54},"end":{"line":761,"column":17}},"line":757},"67":{"name":"(anonymous_67)","decl":{"start":{"line":769,"column":38},"end":{"line":769,"column":44}},"loc":{"start":{"line":769,"column":54},"end":{"line":773,"column":17}},"line":769},"68":{"name":"(anonymous_68)","decl":{"start":{"line":782,"column":20},"end":{"line":782,"column":null}},"loc":{"start":{"line":789,"column":20},"end":{"line":789,"column":null}},"line":789},"69":{"name":"(anonymous_69)","decl":{"start":{"line":792,"column":33},"end":{"line":792,"column":null}},"loc":{"start":{"line":798,"column":64},"end":{"line":832,"column":null}},"line":798},"70":{"name":"(anonymous_70)","decl":{"start":{"line":801,"column":56},"end":{"line":801,"column":57}},"loc":{"start":{"line":801,"column":93},"end":{"line":805,"column":7}},"line":801},"71":{"name":"addPlugin","decl":{"start":{"line":816,"column":8},"end":{"line":816,"column":19}},"loc":{"start":{"line":816,"column":37},"end":{"line":818,"column":null}},"line":816}},"branchMap":{"0":{"loc":{"start":{"line":38,"column":8},"end":{"line":44,"column":null}},"type":"if","locations":[{"start":{"line":38,"column":8},"end":{"line":44,"column":null}},{"start":{},"end":{}}],"line":38},"1":{"loc":{"start":{"line":77,"column":25},"end":{"line":77,"column":60}},"type":"default-arg","locations":[{"start":{"line":77,"column":53},"end":{"line":77,"column":60}}],"line":77},"2":{"loc":{"start":{"line":77,"column":27},"end":{"line":77,"column":49}},"type":"default-arg","locations":[{"start":{"line":77,"column":35},"end":{"line":77,"column":49}}],"line":77},"3":{"loc":{"start":{"line":80,"column":12},"end":{"line":80,"column":null}},"type":"if","locations":[{"start":{"line":80,"column":12},"end":{"line":80,"column":null}},{"start":{},"end":{}}],"line":80},"4":{"loc":{"start":{"line":82,"column":12},"end":{"line":84,"column":null}},"type":"if","locations":[{"start":{"line":82,"column":12},"end":{"line":84,"column":null}},{"start":{},"end":{}}],"line":82},"5":{"loc":{"start":{"line":82,"column":16},"end":{"line":82,"column":89}},"type":"binary-expr","locations":[{"start":{"line":82,"column":16},"end":{"line":82,"column":42}},{"start":{"line":82,"column":42},"end":{"line":82,"column":89}}],"line":82},"6":{"loc":{"start":{"line":86,"column":12},"end":{"line":98,"column":null}},"type":"if","locations":[{"start":{"line":86,"column":12},"end":{"line":98,"column":null}},{"start":{},"end":{}}],"line":86},"7":{"loc":{"start":{"line":86,"column":12},"end":{"line":86,"column":88}},"type":"binary-expr","locations":[{"start":{"line":86,"column":12},"end":{"line":86,"column":64}},{"start":{"line":86,"column":64},"end":{"line":86,"column":88}}],"line":86},"8":{"loc":{"start":{"line":89,"column":16},"end":{"line":97,"column":null}},"type":"if","locations":[{"start":{"line":89,"column":16},"end":{"line":97,"column":null}},{"start":{},"end":{}}],"line":89},"9":{"loc":{"start":{"line":90,"column":20},"end":{"line":94,"column":null}},"type":"if","locations":[{"start":{"line":90,"column":20},"end":{"line":94,"column":null}},{"start":{},"end":{}}],"line":90},"10":{"loc":{"start":{"line":90,"column":24},"end":{"line":90,"column":96}},"type":"binary-expr","locations":[{"start":{"line":90,"column":24},"end":{"line":90,"column":51}},{"start":{"line":90,"column":34},"end":{"line":90,"column":96}}],"line":90},"11":{"loc":{"start":{"line":102,"column":20},"end":{"line":104,"column":null}},"type":"if","locations":[{"start":{"line":102,"column":20},"end":{"line":104,"column":null}},{"start":{},"end":{}}],"line":102},"12":{"loc":{"start":{"line":112,"column":12},"end":{"line":114,"column":null}},"type":"if","locations":[{"start":{"line":112,"column":12},"end":{"line":114,"column":null}},{"start":{},"end":{}}],"line":112},"13":{"loc":{"start":{"line":112,"column":16},"end":{"line":112,"column":94}},"type":"binary-expr","locations":[{"start":{"line":112,"column":16},"end":{"line":112,"column":22}},{"start":{"line":112,"column":16},"end":{"line":112,"column":70}},{"start":{"line":112,"column":70},"end":{"line":112,"column":94}}],"line":112},"14":{"loc":{"start":{"line":142,"column":35},"end":{"line":142,"column":70}},"type":"default-arg","locations":[{"start":{"line":142,"column":63},"end":{"line":142,"column":70}}],"line":142},"15":{"loc":{"start":{"line":142,"column":37},"end":{"line":142,"column":59}},"type":"default-arg","locations":[{"start":{"line":142,"column":45},"end":{"line":142,"column":59}}],"line":142},"16":{"loc":{"start":{"line":145,"column":8},"end":{"line":147,"column":null}},"type":"if","locations":[{"start":{"line":145,"column":8},"end":{"line":147,"column":null}},{"start":{},"end":{}}],"line":145},"17":{"loc":{"start":{"line":145,"column":12},"end":{"line":145,"column":85}},"type":"binary-expr","locations":[{"start":{"line":145,"column":12},"end":{"line":145,"column":38}},{"start":{"line":145,"column":22},"end":{"line":145,"column":85}}],"line":145},"18":{"loc":{"start":{"line":152,"column":8},"end":{"line":152,"column":null}},"type":"cond-expr","locations":[{"start":{"line":152,"column":32},"end":{"line":152,"column":67}},{"start":{"line":152,"column":67},"end":{"line":152,"column":null}}],"line":152},"19":{"loc":{"start":{"line":153,"column":8},"end":{"line":165,"column":null}},"type":"cond-expr","locations":[{"start":{"line":154,"column":10},"end":{"line":164,"column":null}},{"start":{"line":165,"column":10},"end":{"line":165,"column":null}}],"line":153},"20":{"loc":{"start":{"line":155,"column":62},"end":{"line":155,"column":97}},"type":"default-arg","locations":[{"start":{"line":155,"column":90},"end":{"line":155,"column":97}}],"line":155},"21":{"loc":{"start":{"line":155,"column":64},"end":{"line":155,"column":86}},"type":"default-arg","locations":[{"start":{"line":155,"column":72},"end":{"line":155,"column":86}}],"line":155},"22":{"loc":{"start":{"line":158,"column":18},"end":{"line":160,"column":null}},"type":"if","locations":[{"start":{"line":158,"column":18},"end":{"line":160,"column":null}},{"start":{},"end":{}}],"line":158},"23":{"loc":{"start":{"line":158,"column":22},"end":{"line":158,"column":95}},"type":"binary-expr","locations":[{"start":{"line":158,"column":22},"end":{"line":158,"column":48}},{"start":{"line":158,"column":32},"end":{"line":158,"column":95}}],"line":158},"24":{"loc":{"start":{"line":166,"column":8},"end":{"line":182,"column":null}},"type":"cond-expr","locations":[{"start":{"line":167,"column":10},"end":{"line":181,"column":null}},{"start":{"line":182,"column":10},"end":{"line":182,"column":null}}],"line":166},"25":{"loc":{"start":{"line":168,"column":46},"end":{"line":168,"column":81}},"type":"default-arg","locations":[{"start":{"line":168,"column":74},"end":{"line":168,"column":81}}],"line":168},"26":{"loc":{"start":{"line":168,"column":48},"end":{"line":168,"column":70}},"type":"default-arg","locations":[{"start":{"line":168,"column":56},"end":{"line":168,"column":70}}],"line":168},"27":{"loc":{"start":{"line":171,"column":18},"end":{"line":177,"column":null}},"type":"if","locations":[{"start":{"line":171,"column":18},"end":{"line":177,"column":null}},{"start":{},"end":{}}],"line":171},"28":{"loc":{"start":{"line":172,"column":22},"end":{"line":174,"column":null}},"type":"binary-expr","locations":[{"start":{"line":172,"column":22},"end":{"line":172,"column":null}},{"start":{"line":173,"column":22},"end":{"line":173,"column":null}},{"start":{"line":173,"column":32},"end":{"line":174,"column":null}}],"line":172},"29":{"loc":{"start":{"line":193,"column":8},"end":{"line":198,"column":null}},"type":"if","locations":[{"start":{"line":193,"column":8},"end":{"line":198,"column":null}},{"start":{},"end":{}}],"line":193},"30":{"loc":{"start":{"line":227,"column":35},"end":{"line":227,"column":70}},"type":"default-arg","locations":[{"start":{"line":227,"column":63},"end":{"line":227,"column":70}}],"line":227},"31":{"loc":{"start":{"line":227,"column":37},"end":{"line":227,"column":59}},"type":"default-arg","locations":[{"start":{"line":227,"column":45},"end":{"line":227,"column":59}}],"line":227},"32":{"loc":{"start":{"line":228,"column":8},"end":{"line":230,"column":null}},"type":"if","locations":[{"start":{"line":228,"column":8},"end":{"line":230,"column":null}},{"start":{},"end":{}}],"line":228},"33":{"loc":{"start":{"line":228,"column":12},"end":{"line":228,"column":86}},"type":"binary-expr","locations":[{"start":{"line":228,"column":12},"end":{"line":228,"column":38}},{"start":{"line":228,"column":38},"end":{"line":228,"column":86}}],"line":228},"34":{"loc":{"start":{"line":232,"column":8},"end":{"line":244,"column":null}},"type":"if","locations":[{"start":{"line":232,"column":8},"end":{"line":244,"column":null}},{"start":{},"end":{}}],"line":232},"35":{"loc":{"start":{"line":232,"column":8},"end":{"line":232,"column":85}},"type":"binary-expr","locations":[{"start":{"line":232,"column":8},"end":{"line":232,"column":61}},{"start":{"line":232,"column":61},"end":{"line":232,"column":85}}],"line":232},"36":{"loc":{"start":{"line":233,"column":73},"end":{"line":233,"column":84}},"type":"binary-expr","locations":[{"start":{"line":233,"column":73},"end":{"line":233,"column":82}},{"start":{"line":233,"column":82},"end":{"line":233,"column":84}}],"line":233},"37":{"loc":{"start":{"line":235,"column":12},"end":{"line":243,"column":null}},"type":"if","locations":[{"start":{"line":235,"column":12},"end":{"line":243,"column":null}},{"start":{},"end":{}}],"line":235},"38":{"loc":{"start":{"line":236,"column":16},"end":{"line":240,"column":null}},"type":"if","locations":[{"start":{"line":236,"column":16},"end":{"line":240,"column":null}},{"start":{},"end":{}}],"line":236},"39":{"loc":{"start":{"line":238,"column":56},"end":{"line":238,"column":69}},"type":"binary-expr","locations":[{"start":{"line":238,"column":56},"end":{"line":238,"column":65}},{"start":{"line":238,"column":65},"end":{"line":238,"column":69}}],"line":238},"40":{"loc":{"start":{"line":248,"column":8},"end":{"line":250,"column":null}},"type":"if","locations":[{"start":{"line":248,"column":8},"end":{"line":250,"column":null}},{"start":{},"end":{}}],"line":248},"41":{"loc":{"start":{"line":248,"column":12},"end":{"line":248,"column":93}},"type":"binary-expr","locations":[{"start":{"line":248,"column":12},"end":{"line":248,"column":20}},{"start":{"line":248,"column":12},"end":{"line":248,"column":69}},{"start":{"line":248,"column":69},"end":{"line":248,"column":93}}],"line":248},"42":{"loc":{"start":{"line":249,"column":50},"end":{"line":249,"column":63}},"type":"binary-expr","locations":[{"start":{"line":249,"column":50},"end":{"line":249,"column":59}},{"start":{"line":249,"column":59},"end":{"line":249,"column":63}}],"line":249},"43":{"loc":{"start":{"line":254,"column":8},"end":{"line":311,"column":null}},"type":"cond-expr","locations":[{"start":{"line":255,"column":10},"end":{"line":310,"column":null}},{"start":{"line":311,"column":10},"end":{"line":311,"column":null}}],"line":254},"44":{"loc":{"start":{"line":260,"column":18},"end":{"line":260,"column":null}},"type":"default-arg","locations":[{"start":{"line":260,"column":46},"end":{"line":260,"column":null}}],"line":260},"45":{"loc":{"start":{"line":260,"column":20},"end":{"line":260,"column":42}},"type":"default-arg","locations":[{"start":{"line":260,"column":28},"end":{"line":260,"column":42}}],"line":260},"46":{"loc":{"start":{"line":262,"column":18},"end":{"line":264,"column":null}},"type":"if","locations":[{"start":{"line":262,"column":18},"end":{"line":264,"column":null}},{"start":{},"end":{}}],"line":262},"47":{"loc":{"start":{"line":262,"column":22},"end":{"line":262,"column":96}},"type":"binary-expr","locations":[{"start":{"line":262,"column":22},"end":{"line":262,"column":48}},{"start":{"line":262,"column":48},"end":{"line":262,"column":96}}],"line":262},"48":{"loc":{"start":{"line":266,"column":18},"end":{"line":291,"column":null}},"type":"if","locations":[{"start":{"line":266,"column":18},"end":{"line":291,"column":null}},{"start":{},"end":{}}],"line":266},"49":{"loc":{"start":{"line":266,"column":18},"end":{"line":266,"column":95}},"type":"binary-expr","locations":[{"start":{"line":266,"column":18},"end":{"line":266,"column":71}},{"start":{"line":266,"column":71},"end":{"line":266,"column":95}}],"line":266},"50":{"loc":{"start":{"line":269,"column":26},"end":{"line":269,"column":null}},"type":"binary-expr","locations":[{"start":{"line":269,"column":26},"end":{"line":269,"column":35}},{"start":{"line":269,"column":35},"end":{"line":269,"column":null}}],"line":269},"51":{"loc":{"start":{"line":273,"column":22},"end":{"line":290,"column":null}},"type":"if","locations":[{"start":{"line":273,"column":22},"end":{"line":290,"column":null}},{"start":{},"end":{}}],"line":273},"52":{"loc":{"start":{"line":274,"column":26},"end":{"line":287,"column":null}},"type":"if","locations":[{"start":{"line":274,"column":26},"end":{"line":287,"column":null}},{"start":{},"end":{}}],"line":274},"53":{"loc":{"start":{"line":282,"column":42},"end":{"line":282,"column":null}},"type":"binary-expr","locations":[{"start":{"line":282,"column":42},"end":{"line":282,"column":51}},{"start":{"line":282,"column":51},"end":{"line":282,"column":null}}],"line":282},"54":{"loc":{"start":{"line":295,"column":18},"end":{"line":306,"column":null}},"type":"if","locations":[{"start":{"line":295,"column":18},"end":{"line":306,"column":null}},{"start":{},"end":{}}],"line":295},"55":{"loc":{"start":{"line":296,"column":22},"end":{"line":298,"column":null}},"type":"binary-expr","locations":[{"start":{"line":296,"column":22},"end":{"line":296,"column":null}},{"start":{"line":296,"column":22},"end":{"line":297,"column":null}},{"start":{"line":298,"column":22},"end":{"line":298,"column":null}}],"line":296},"56":{"loc":{"start":{"line":302,"column":26},"end":{"line":302,"column":null}},"type":"binary-expr","locations":[{"start":{"line":302,"column":26},"end":{"line":302,"column":35}},{"start":{"line":302,"column":35},"end":{"line":302,"column":null}}],"line":302},"57":{"loc":{"start":{"line":312,"column":8},"end":{"line":353,"column":null}},"type":"cond-expr","locations":[{"start":{"line":313,"column":10},"end":{"line":352,"column":null}},{"start":{"line":353,"column":10},"end":{"line":353,"column":null}}],"line":312},"58":{"loc":{"start":{"line":314,"column":50},"end":{"line":314,"column":85}},"type":"default-arg","locations":[{"start":{"line":314,"column":78},"end":{"line":314,"column":85}}],"line":314},"59":{"loc":{"start":{"line":314,"column":52},"end":{"line":314,"column":74}},"type":"default-arg","locations":[{"start":{"line":314,"column":60},"end":{"line":314,"column":74}}],"line":314},"60":{"loc":{"start":{"line":315,"column":18},"end":{"line":317,"column":null}},"type":"if","locations":[{"start":{"line":315,"column":18},"end":{"line":317,"column":null}},{"start":{},"end":{}}],"line":315},"61":{"loc":{"start":{"line":315,"column":22},"end":{"line":315,"column":96}},"type":"binary-expr","locations":[{"start":{"line":315,"column":22},"end":{"line":315,"column":48}},{"start":{"line":315,"column":48},"end":{"line":315,"column":96}}],"line":315},"62":{"loc":{"start":{"line":319,"column":18},"end":{"line":338,"column":null}},"type":"if","locations":[{"start":{"line":319,"column":18},"end":{"line":338,"column":null}},{"start":{},"end":{}}],"line":319},"63":{"loc":{"start":{"line":319,"column":18},"end":{"line":319,"column":95}},"type":"binary-expr","locations":[{"start":{"line":319,"column":18},"end":{"line":319,"column":71}},{"start":{"line":319,"column":71},"end":{"line":319,"column":95}}],"line":319},"64":{"loc":{"start":{"line":322,"column":26},"end":{"line":322,"column":null}},"type":"binary-expr","locations":[{"start":{"line":322,"column":26},"end":{"line":322,"column":35}},{"start":{"line":322,"column":35},"end":{"line":322,"column":null}}],"line":322},"65":{"loc":{"start":{"line":325,"column":22},"end":{"line":337,"column":null}},"type":"if","locations":[{"start":{"line":325,"column":22},"end":{"line":337,"column":null}},{"start":{},"end":{}}],"line":325},"66":{"loc":{"start":{"line":326,"column":26},"end":{"line":334,"column":null}},"type":"if","locations":[{"start":{"line":326,"column":26},"end":{"line":334,"column":null}},{"start":{},"end":{}}],"line":326},"67":{"loc":{"start":{"line":332,"column":77},"end":{"line":332,"column":90}},"type":"binary-expr","locations":[{"start":{"line":332,"column":77},"end":{"line":332,"column":86}},{"start":{"line":332,"column":86},"end":{"line":332,"column":90}}],"line":332},"68":{"loc":{"start":{"line":342,"column":18},"end":{"line":348,"column":null}},"type":"if","locations":[{"start":{"line":342,"column":18},"end":{"line":348,"column":null}},{"start":{},"end":{}}],"line":342},"69":{"loc":{"start":{"line":343,"column":22},"end":{"line":345,"column":null}},"type":"binary-expr","locations":[{"start":{"line":343,"column":22},"end":{"line":343,"column":null}},{"start":{"line":343,"column":22},"end":{"line":344,"column":null}},{"start":{"line":345,"column":22},"end":{"line":345,"column":null}}],"line":343},"70":{"loc":{"start":{"line":347,"column":67},"end":{"line":347,"column":80}},"type":"binary-expr","locations":[{"start":{"line":347,"column":67},"end":{"line":347,"column":76}},{"start":{"line":347,"column":76},"end":{"line":347,"column":80}}],"line":347},"71":{"loc":{"start":{"line":354,"column":36},"end":{"line":354,"column":71}},"type":"default-arg","locations":[{"start":{"line":354,"column":64},"end":{"line":354,"column":71}}],"line":354},"72":{"loc":{"start":{"line":354,"column":38},"end":{"line":354,"column":60}},"type":"default-arg","locations":[{"start":{"line":354,"column":46},"end":{"line":354,"column":60}}],"line":354},"73":{"loc":{"start":{"line":356,"column":8},"end":{"line":358,"column":null}},"type":"if","locations":[{"start":{"line":356,"column":8},"end":{"line":358,"column":null}},{"start":{},"end":{}}],"line":356},"74":{"loc":{"start":{"line":356,"column":12},"end":{"line":356,"column":85}},"type":"binary-expr","locations":[{"start":{"line":356,"column":12},"end":{"line":356,"column":38}},{"start":{"line":356,"column":22},"end":{"line":356,"column":85}}],"line":356},"75":{"loc":{"start":{"line":362,"column":8},"end":{"line":374,"column":null}},"type":"cond-expr","locations":[{"start":{"line":363,"column":10},"end":{"line":373,"column":null}},{"start":{"line":374,"column":10},"end":{"line":374,"column":null}}],"line":362},"76":{"loc":{"start":{"line":364,"column":51},"end":{"line":364,"column":86}},"type":"default-arg","locations":[{"start":{"line":364,"column":79},"end":{"line":364,"column":86}}],"line":364},"77":{"loc":{"start":{"line":364,"column":53},"end":{"line":364,"column":75}},"type":"default-arg","locations":[{"start":{"line":364,"column":61},"end":{"line":364,"column":75}}],"line":364},"78":{"loc":{"start":{"line":367,"column":18},"end":{"line":369,"column":null}},"type":"if","locations":[{"start":{"line":367,"column":18},"end":{"line":369,"column":null}},{"start":{},"end":{}}],"line":367},"79":{"loc":{"start":{"line":367,"column":22},"end":{"line":367,"column":95}},"type":"binary-expr","locations":[{"start":{"line":367,"column":22},"end":{"line":367,"column":48}},{"start":{"line":367,"column":32},"end":{"line":367,"column":95}}],"line":367},"80":{"loc":{"start":{"line":375,"column":43},"end":{"line":375,"column":78}},"type":"default-arg","locations":[{"start":{"line":375,"column":71},"end":{"line":375,"column":78}}],"line":375},"81":{"loc":{"start":{"line":375,"column":45},"end":{"line":375,"column":67}},"type":"default-arg","locations":[{"start":{"line":375,"column":53},"end":{"line":375,"column":67}}],"line":375},"82":{"loc":{"start":{"line":378,"column":8},"end":{"line":380,"column":null}},"type":"if","locations":[{"start":{"line":378,"column":8},"end":{"line":380,"column":null}},{"start":{},"end":{}}],"line":378},"83":{"loc":{"start":{"line":378,"column":12},"end":{"line":378,"column":85}},"type":"binary-expr","locations":[{"start":{"line":378,"column":12},"end":{"line":378,"column":38}},{"start":{"line":378,"column":22},"end":{"line":378,"column":85}}],"line":378},"84":{"loc":{"start":{"line":384,"column":35},"end":{"line":384,"column":70}},"type":"default-arg","locations":[{"start":{"line":384,"column":63},"end":{"line":384,"column":70}}],"line":384},"85":{"loc":{"start":{"line":384,"column":37},"end":{"line":384,"column":59}},"type":"default-arg","locations":[{"start":{"line":384,"column":45},"end":{"line":384,"column":59}}],"line":384},"86":{"loc":{"start":{"line":387,"column":8},"end":{"line":389,"column":null}},"type":"if","locations":[{"start":{"line":387,"column":8},"end":{"line":389,"column":null}},{"start":{},"end":{}}],"line":387},"87":{"loc":{"start":{"line":387,"column":12},"end":{"line":387,"column":85}},"type":"binary-expr","locations":[{"start":{"line":387,"column":12},"end":{"line":387,"column":38}},{"start":{"line":387,"column":22},"end":{"line":387,"column":85}}],"line":387},"88":{"loc":{"start":{"line":393,"column":8},"end":{"line":405,"column":null}},"type":"cond-expr","locations":[{"start":{"line":394,"column":10},"end":{"line":404,"column":null}},{"start":{"line":405,"column":10},"end":{"line":405,"column":null}}],"line":393},"89":{"loc":{"start":{"line":395,"column":44},"end":{"line":395,"column":79}},"type":"default-arg","locations":[{"start":{"line":395,"column":72},"end":{"line":395,"column":79}}],"line":395},"90":{"loc":{"start":{"line":395,"column":46},"end":{"line":395,"column":68}},"type":"default-arg","locations":[{"start":{"line":395,"column":54},"end":{"line":395,"column":68}}],"line":395},"91":{"loc":{"start":{"line":398,"column":18},"end":{"line":400,"column":null}},"type":"if","locations":[{"start":{"line":398,"column":18},"end":{"line":400,"column":null}},{"start":{},"end":{}}],"line":398},"92":{"loc":{"start":{"line":398,"column":22},"end":{"line":398,"column":95}},"type":"binary-expr","locations":[{"start":{"line":398,"column":22},"end":{"line":398,"column":48}},{"start":{"line":398,"column":32},"end":{"line":398,"column":95}}],"line":398},"93":{"loc":{"start":{"line":417,"column":12},"end":{"line":422,"column":null}},"type":"if","locations":[{"start":{"line":417,"column":12},"end":{"line":422,"column":null}},{"start":{},"end":{}}],"line":417},"94":{"loc":{"start":{"line":432,"column":12},"end":{"line":432,"column":null}},"type":"default-arg","locations":[{"start":{"line":432,"column":54},"end":{"line":432,"column":null}}],"line":432},"95":{"loc":{"start":{"line":432,"column":14},"end":{"line":432,"column":36}},"type":"default-arg","locations":[{"start":{"line":432,"column":22},"end":{"line":432,"column":36}}],"line":432},"96":{"loc":{"start":{"line":436,"column":12},"end":{"line":438,"column":null}},"type":"if","locations":[{"start":{"line":436,"column":12},"end":{"line":438,"column":null}},{"start":{},"end":{}}],"line":436},"97":{"loc":{"start":{"line":436,"column":16},"end":{"line":436,"column":89}},"type":"binary-expr","locations":[{"start":{"line":436,"column":16},"end":{"line":436,"column":42}},{"start":{"line":436,"column":42},"end":{"line":436,"column":89}}],"line":436},"98":{"loc":{"start":{"line":440,"column":12},"end":{"line":452,"column":null}},"type":"if","locations":[{"start":{"line":440,"column":12},"end":{"line":452,"column":null}},{"start":{},"end":{}}],"line":440},"99":{"loc":{"start":{"line":440,"column":12},"end":{"line":440,"column":88}},"type":"binary-expr","locations":[{"start":{"line":440,"column":12},"end":{"line":440,"column":64}},{"start":{"line":440,"column":64},"end":{"line":440,"column":88}}],"line":440},"100":{"loc":{"start":{"line":441,"column":87},"end":{"line":441,"column":98}},"type":"binary-expr","locations":[{"start":{"line":441,"column":87},"end":{"line":441,"column":96}},{"start":{"line":441,"column":96},"end":{"line":441,"column":98}}],"line":441},"101":{"loc":{"start":{"line":443,"column":16},"end":{"line":451,"column":null}},"type":"if","locations":[{"start":{"line":443,"column":16},"end":{"line":451,"column":null}},{"start":{},"end":{}}],"line":443},"102":{"loc":{"start":{"line":444,"column":20},"end":{"line":448,"column":null}},"type":"if","locations":[{"start":{"line":444,"column":20},"end":{"line":448,"column":null}},{"start":{},"end":{}}],"line":444},"103":{"loc":{"start":{"line":444,"column":24},"end":{"line":444,"column":97}},"type":"binary-expr","locations":[{"start":{"line":444,"column":24},"end":{"line":444,"column":51}},{"start":{"line":444,"column":34},"end":{"line":444,"column":97}}],"line":444},"104":{"loc":{"start":{"line":447,"column":73},"end":{"line":447,"column":86}},"type":"binary-expr","locations":[{"start":{"line":447,"column":73},"end":{"line":447,"column":82}},{"start":{"line":447,"column":82},"end":{"line":447,"column":86}}],"line":447},"105":{"loc":{"start":{"line":457,"column":24},"end":{"line":457,"column":null}},"type":"if","locations":[{"start":{"line":457,"column":24},"end":{"line":457,"column":null}},{"start":{},"end":{}}],"line":457},"106":{"loc":{"start":{"line":468,"column":12},"end":{"line":470,"column":null}},"type":"if","locations":[{"start":{"line":468,"column":12},"end":{"line":470,"column":null}},{"start":{},"end":{}}],"line":468},"107":{"loc":{"start":{"line":468,"column":16},"end":{"line":468,"column":99}},"type":"binary-expr","locations":[{"start":{"line":468,"column":16},"end":{"line":468,"column":27}},{"start":{"line":468,"column":16},"end":{"line":468,"column":75}},{"start":{"line":468,"column":75},"end":{"line":468,"column":99}}],"line":468},"108":{"loc":{"start":{"line":469,"column":54},"end":{"line":469,"column":67}},"type":"binary-expr","locations":[{"start":{"line":469,"column":54},"end":{"line":469,"column":63}},{"start":{"line":469,"column":63},"end":{"line":469,"column":67}}],"line":469},"109":{"loc":{"start":{"line":496,"column":24},"end":{"line":498,"column":null}},"type":"if","locations":[{"start":{"line":496,"column":24},"end":{"line":498,"column":null}},{"start":{},"end":{}}],"line":496},"110":{"loc":{"start":{"line":518,"column":20},"end":{"line":520,"column":null}},"type":"if","locations":[{"start":{"line":518,"column":20},"end":{"line":520,"column":null}},{"start":{},"end":{}}],"line":518},"111":{"loc":{"start":{"line":538,"column":24},"end":{"line":540,"column":null}},"type":"if","locations":[{"start":{"line":538,"column":24},"end":{"line":540,"column":null}},{"start":{},"end":{}}],"line":538},"112":{"loc":{"start":{"line":570,"column":20},"end":{"line":572,"column":null}},"type":"if","locations":[{"start":{"line":570,"column":20},"end":{"line":572,"column":null}},{"start":{},"end":{}}],"line":570},"113":{"loc":{"start":{"line":595,"column":24},"end":{"line":597,"column":null}},"type":"if","locations":[{"start":{"line":595,"column":24},"end":{"line":597,"column":null}},{"start":{},"end":{}}],"line":595},"114":{"loc":{"start":{"line":619,"column":20},"end":{"line":621,"column":null}},"type":"if","locations":[{"start":{"line":619,"column":20},"end":{"line":621,"column":null}},{"start":{},"end":{}}],"line":619},"115":{"loc":{"start":{"line":634,"column":20},"end":{"line":636,"column":null}},"type":"if","locations":[{"start":{"line":634,"column":20},"end":{"line":636,"column":null}},{"start":{},"end":{}}],"line":634},"116":{"loc":{"start":{"line":650,"column":24},"end":{"line":652,"column":null}},"type":"if","locations":[{"start":{"line":650,"column":24},"end":{"line":652,"column":null}},{"start":{},"end":{}}],"line":650},"117":{"loc":{"start":{"line":670,"column":20},"end":{"line":672,"column":null}},"type":"if","locations":[{"start":{"line":670,"column":20},"end":{"line":672,"column":null}},{"start":{},"end":{}}],"line":670},"118":{"loc":{"start":{"line":685,"column":20},"end":{"line":687,"column":null}},"type":"if","locations":[{"start":{"line":685,"column":20},"end":{"line":687,"column":null}},{"start":{},"end":{}}],"line":685},"119":{"loc":{"start":{"line":712,"column":20},"end":{"line":712,"column":null}},"type":"if","locations":[{"start":{"line":712,"column":20},"end":{"line":712,"column":null}},{"start":{},"end":{}}],"line":712},"120":{"loc":{"start":{"line":720,"column":12},"end":{"line":720,"column":null}},"type":"if","locations":[{"start":{"line":720,"column":12},"end":{"line":720,"column":null}},{"start":{},"end":{}}],"line":720},"121":{"loc":{"start":{"line":729,"column":20},"end":{"line":729,"column":null}},"type":"if","locations":[{"start":{"line":729,"column":20},"end":{"line":729,"column":null}},{"start":{},"end":{}}],"line":729},"122":{"loc":{"start":{"line":737,"column":12},"end":{"line":737,"column":null}},"type":"if","locations":[{"start":{"line":737,"column":12},"end":{"line":737,"column":null}},{"start":{},"end":{}}],"line":737},"123":{"loc":{"start":{"line":753,"column":37},"end":{"line":753,"column":61}},"type":"default-arg","locations":[{"start":{"line":753,"column":51},"end":{"line":753,"column":61}}],"line":753},"124":{"loc":{"start":{"line":758,"column":20},"end":{"line":758,"column":null}},"type":"if","locations":[{"start
[...]
:49,"b:634:20:636:Infinity:undefined:undefined:undefined:undefined":115,"s:634:20:636:Infinity":191,"s:635:24:635:Infinity":192,"s:638:20:638:Infinity":193,"s:642:12:642:Infinity":194,"f:642:31:642:48":50,"s:642:48:642:84":195,"f:644:15:644:21":51,"s:645:12:645:Infinity":196,"s:647:12:663:Infinity":197,"s:648:32:656:Infinity":198,"f:649:42:649:48":52,"b:650:24:652:Infinity:undefined:undefined:undefined:undefined":116,"s:650:24:652:Infinity":199,"s:651:28:651:Infinity":200,"s:654:24:654:Infinity":201,"s:658:27:658:Infinity":202,"s:660:16:660:Infinity":203,"s:662:16:662:Infinity":204,"f:665:15:665:22":53,"s:666:12:666:Infinity":205,"s:668:27:676:Infinity":206,"f:669:38:669:44":54,"b:670:20:672:Infinity:undefined:undefined:undefined:undefined":117,"s:670:20:672:Infinity":207,"s:671:24:671:Infinity":208,"s:674:20:674:Infinity":209,"s:678:12:678:Infinity":210,"f:678:31:678:48":55,"s:678:48:678:84":211,"f:680:17:680:29":56,"s:681:12:681:Infinity":212,"s:683:27:691:Infinity":213,"f:684:38:684:44":57,"b:685:20:687:Infinity:undefined:undefined:undefined:undefined":118,"s:685:20:687:Infinity":214,"s:686:24:686:Infinity":215,"s:689:20:689:Infinity":216,"s:693:12:693:Infinity":217,"f:693:31:693:48":58,"s:693:48:693:84":218,"s:699:24:743:Infinity":219,"f:699:24:699:Infinity":59,"s:706:4:742:Infinity":220,"f:707:13:707:23":60,"s:708:12:708:Infinity":221,"s:710:18:718:Infinity":222,"f:710:77:710:87":61,"s:711:16:717:Infinity":223,"b:712:20:712:Infinity:undefined:undefined:undefined:undefined":119,"s:712:20:712:Infinity":224,"s:712:62:712:Infinity":225,"s:714:20:714:Infinity":226,"s:716:20:716:Infinity":227,"b:720:12:720:Infinity:undefined:undefined:undefined:undefined":120,"s:720:12:720:Infinity":228,"s:720:25:720:Infinity":229,"s:722:12:722:Infinity":230,"f:724:17:724:30":62,"s:725:12:725:Infinity":231,"s:727:18:735:Infinity":232,"f:727:62:727:72":63,"s:728:16:734:Infinity":233,"b:729:20:729:Infinity:undefined:undefined:undefined:undefined":121,"s:729:20:729:Infinity":234,"s:729:62:729:Infinity":235,"s:731:20:731:Infinity":236,"s:733:20:733:Infinity":237,"b:737:12:737:Infinity:undefined:undefined:undefined:undefined":122,"s:737:12:737:Infinity":238,"s:737:25:737:Infinity":239,"s:739:12:739:Infinity":240,"s:745:29:780:Infinity":241,"f:745:29:745:Infinity":64,"s:752:4:779:Infinity":242,"f:753:25:753:32":65,"b:753:51:753:61":123,"s:754:12:754:Infinity":243,"s:756:34:762:Infinity":244,"f:757:38:757:44":66,"b:758:20:758:Infinity:undefined:undefined:undefined:undefined":124,"s:758:20:758:Infinity":245,"s:758:67:758:Infinity":246,"s:760:20:760:Infinity":247,"s:764:33:764:Infinity":248,"b:766:12:766:Infinity:undefined:undefined:undefined:undefined":125,"s:766:12:766:Infinity":249,"b:766:16:766:32:766:32:766:46":126,"s:766:46:766:Infinity":250,"s:768:34:774:Infinity":251,"f:769:38:769:44":67,"b:770:20:770:Infinity:undefined:undefined:undefined:undefined":127,"s:770:20:770:Infinity":252,"s:770:67:770:Infinity":253,"s:772:20:772:Infinity":254,"s:776:12:776:Infinity":255,"s:782:20:789:Infinity":256,"f:782:20:782:Infinity":68,"s:789:20:789:Infinity":257,"s:792:33:832:Infinity":258,"f:792:33:792:Infinity":69,"b:797:76:797:Infinity":128,"s:799:51:799:Infinity":259,"b:799:22:799:47":129,"s:801:26:805:Infinity":260,"f:801:56:801:57":70,"s:802:33:802:Infinity":261,"s:804:8:804:Infinity":262,"s:807:72:820:Infinity":263,"f:816:8:816:19":71,"s:817:12:817:Infinity":264,"s:822:5:822:Infinity":265,"s:823:5:823:Infinity":266,"s:824:5:824:Infinity":267,"s:825:5:825:Infinity":268,"s:826:5:826:Infinity":269,"s:827:5:827:Infinity":270,"b:829:4:829:Infinity:undefined:undefined:undefined:undefined":130,"s:829:4:829:Infinity":271,"s:829:23:829:Infinity":272,"s:831:4:831:Infinity":273},"fnNames":{}}}
,"/Users/gerardoparedes/Documents/learncard/packages/learn-card-core/src/wallet/plugins/index.ts": {"path":"/Users/gerardoparedes/Documents/learncard/packages/learn-card-core/src/wallet/plugins/index.ts","statementMap":{},"fnMap":{},"branchMap":{},"s":{},"f":{},"b":{},"meta":{"lastBranch":0,"lastFunction":0,"lastStatement":0,"seen":{},"fnNames":{}}}
,"/Users/gerardoparedes/Documents/learncard/packages/learn-card-core/src/wallet/plugins/test-cache/index.ts": {"path":"/Users/gerardoparedes/Documents/learncard/packages/learn-card-core/src/wallet/plugins/test-cache/index.ts","statementMap":{"0":{"start":{"line":4,"column":28},"end":{"line":67,"column":null}},"1":{"start":{"line":5,"column":52},"end":{"line":5,"column":null}},"2":{"start":{"line":9,"column":8},"end":{"line":9,"column":null}},"3":{"start":{"line":10,"column":78},"end":{"line":10,"column":null}},"4":{"start":{"line":12,"column":4},"end":{"line":66,"column":null}},"5":{"start":{"line":18,"column":16},"end":{"line":18,"column":null}},"6":{"start":{"line":19,"column":16},"end":{"line":19,"column":null}},"7":{"start":{"line":22,"column":16},"end":{"line":22,"column":null}},"8":{"start":{"line":23,"column":16},"end":{"line":23,"column":null}},"9":{"start":{"line":24,"column":16},"end":{"line":24,"column":null}},"10":{"start":{"line":27,"column":16},"end":{"line":32,"column":null}},"11":{"start":{"line":33,"column":16},"end":{"line":33,"column":null}},"12":{"start":{"line":36,"column":16},"end":{"line":41,"column":null}},"13":{"start":{"line":42,"column":16},"end":{"line":42,"column":null}},"14":{"start":{"line":43,"column":16},"end":{"line":43,"column":null}},"15":{"start":{"line":46,"column":16},"end":{"line":46,"column":null}},"16":{"start":{"line":47,"column":16},"end":{"line":47,"column":null}},"17":{"start":{"line":48,"column":16},"end":{"line":48,"column":null}},"18":{"start":{"line":51,"column":16},"end":{"line":51,"column":null}},"19":{"start":{"line":52,"column":16},"end":{"line":52,"column":null}},"20":{"start":{"line":55,"column":16},"end":{"line":55,"column":null}},"21":{"start":{"line":56,"column":16},"end":{"line":56,"column":null}},"22":{"start":{"line":57,"column":16},"end":{"line":57,"column":null}},"23":{"start":{"line":60,"column":16},"end":{"line":60,"column":null}},"24":{"start":{"line":61,"column":16},"end":{"line":61,"column":null}},"25":{"start":{"line":62,"column":16},"end":{"line":62,"column":null}}},"fnMap":{"0":{"name":"(anonymous_0)","decl":{"start":{"line":4,"column":28},"end":{"line":4,"column":51}},"loc":{"start":{"line":4,"column":51},"end":{"line":67,"column":null}},"line":4},"1":{"name":"(anonymous_1)","decl":{"start":{"line":17,"column":22},"end":{"line":17,"column":29}},"loc":{"start":{"line":17,"column":57},"end":{"line":20,"column":null}},"line":17},"2":{"name":"(anonymous_2)","decl":{"start":{"line":21,"column":22},"end":{"line":21,"column":29}},"loc":{"start":{"line":21,"column":64},"end":{"line":25,"column":null}},"line":21},"3":{"name":"(anonymous_3)","decl":{"start":{"line":26,"column":26},"end":{"line":26,"column":33}},"loc":{"start":{"line":26,"column":80},"end":{"line":34,"column":null}},"line":26},"4":{"name":"(anonymous_4)","decl":{"start":{"line":35,"column":26},"end":{"line":35,"column":33}},"loc":{"start":{"line":35,"column":87},"end":{"line":44,"column":null}},"line":35},"5":{"name":"(anonymous_5)","decl":{"start":{"line":45,"column":24},"end":{"line":45,"column":30}},"loc":{"start":{"line":45,"column":44},"end":{"line":49,"column":null}},"line":45},"6":{"name":"(anonymous_6)","decl":{"start":{"line":50,"column":19},"end":{"line":50,"column":26}},"loc":{"start":{"line":50,"column":46},"end":{"line":53,"column":null}},"line":50},"7":{"name":"(anonymous_7)","decl":{"start":{"line":54,"column":19},"end":{"line":54,"column":26}},"loc":{"start":{"line":54,"column":50},"end":{"line":58,"column":null}},"line":54},"8":{"name":"(anonymous_8)","decl":{"start":{"line":59,"column":21},"end":{"line":59,"column":27}},"loc":{"start":{"line":59,"column":41},"end":{"line":63,"column":null}},"line":59}},"branchMap":{},"s":{"0":1,"1":0,"2":0,"3":0,"4":0,"5":0,"6":0,"7":0,"8":0,"9":0,"10":0,"11":0,"12":0,"13":0,"14":0,"15":0,"16":0,"17":0,"18":0,"19":0,"20":0,"21":0,"22":0,"23":0,"24":0,"25":0},"f":{"0":0,"1":0,"2":0,"3":0,"4":0,"5":0,"6":0,"7":0,"8":0},"b":{},"meta":{"lastBranch":0,"lastFunction":9,"lastStatement":26,"seen":{"s:4:28:67:Infinity":0,"f:4:28:4:51":0,"s:5:52:5:Infinity":1,"s:9:8:9:Infinity":2,"s:10:78:10:Infinity":3,"s:12:4:66:Infinity":4,"f:17:22:17:29":1,"s:18:16:18:Infinity":5,"s:19:16:19:Infinity":6,"f:21:22:21:29":2,"s:22:16:22:Infinity":7,"s:23:16:23:Infinity":8,"s:24:16:24:Infinity":9,"f:26:26:26:33":3,"s:27:16:32:Infinity":10,"s:33:16:33:Infinity":11,"f:35:26:35:33":4,"s:36:16:41:Infinity":12,"s:42:16:42:Infinity":13,"s:43:16:43:Infinity":14,"f:45:24:45:30":5,"s:46:16:46:Infinity":15,"s:47:16:47:Infinity":16,"s:48:16:48:Infinity":17,"f:50:19:50:26":6,"s:51:16:51:Infinity":18,"s:52:16:52:Infinity":19,"f:54:19:54:26":7,"s:55:16:55:Infinity":20,"s:56:16:56:Infinity":21,"s:57:16:57:Infinity":22,"f:59:21:59:27":8,"s:60:16:60:Infinity":23,"s:61:16:61:Infinity":24,"s:62:16:62:Infinity":25},"fnNames":{}}}
,"/Users/gerardoparedes/Documents/learncard/packages/learn-card-core/src/wallet/plugins/test-index/index.ts": {"path":"/Users/gerardoparedes/Documents/learncard/packages/learn-card-core/src/wallet/plugins/test-index/index.ts","statementMap":{"0":{"start":{"line":4,"column":28},"end":{"line":37,"column":null}},"1":{"start":{"line":5,"column":36},"end":{"line":5,"column":null}},"2":{"start":{"line":7,"column":4},"end":{"line":36,"column":null}},"3":{"start":{"line":13,"column":16},"end":{"line":13,"column":null}},"4":{"start":{"line":15,"column":16},"end":{"line":15,"column":null}},"5":{"start":{"line":18,"column":16},"end":{"line":18,"column":null}},"6":{"start":{"line":20,"column":16},"end":{"line":20,"column":null}},"7":{"start":{"line":22,"column":16},"end":{"line":22,"column":null}},"8":{"start":{"line":24,"column":32},"end":{"line":24,"column":null}},"9":{"start":{"line":26,"column":16},"end":{"line":26,"column":null}},"10":{"start":{"line":28,"column":34},"end":{"line":28,"column":null}},"11":{"start":{"line":28,"column":60},"end":{"line":28,"column":76}},"12":{"start":{"line":30,"column":16},"end":{"line":30,"column":null}},"13":{"start":{"line":32,"column":16},"end":{"line":32,"column":null}}},"fnMap":{"0":{"name":"(anonymous_0)","decl":{"start":{"line":4,"column":28},"end":{"line":4,"column":51}},"loc":{"start":{"line":4,"column":51},"end":{"line":37,"column":null}},"line":4},"1":{"name":"(anonymous_1)","decl":{"start":{"line":12,"column":17},"end":{"line":12,"column":24}},"loc":{"start":{"line":12,"column":46},"end":{"line":16,"column":null}},"line":12},"2":{"name":"(anonymous_2)","decl":{"start":{"line":17,"column":17},"end":{"line":17,"column":24}},"loc":{"start":{"line":17,"column":47},"end":{"line":23,"column":null}},"line":17},"3":{"name":"(anonymous_3)","decl":{"start":{"line":24,"column":20},"end":{"line":24,"column":32}},"loc":{"start":{"line":24,"column":32},"end":{"line":24,"column":null}},"line":24},"4":{"name":"(anonymous_4)","decl":{"start":{"line":25,"column":20},"end":{"line":25,"column":27}},"loc":{"start":{"line":25,"column":46},"end":{"line":33,"column":null}},"line":25},"5":{"name":"(anonymous_5)","decl":{"start":{"line":28,"column":50},"end":{"line":28,"column":60}},"loc":{"start":{"line":28,"column":60},"end":{"line":28,"column":76}},"line":28}},"branchMap":{},"s":{"0":1,"1":1,"2":1,"3":1,"4":1,"5":1,"6":1,"7":1,"8":0,"9":0,"10":0,"11":0,"12":0,"13":0},"f":{"0":1,"1":1,"2":1,"3":0,"4":0,"5":0},"b":{},"meta":{"lastBranch":0,"lastFunction":6,"lastStatement":14,"seen":{"s:4:28:37:Infinity":0,"f:4:28:4:51":0,"s:5:36:5:Infinity":1,"s:7:4:36:Infinity":2,"f:12:17:12:24":1,"s:13:16:13:Infinity":3,"s:15:16:15:Infinity":4,"f:17:17:17:24":2,"s:18:16:18:Infinity":5,"s:20:16:20:Infinity":6,"s:22:16:22:Infinity":7,"f:24:20:24:32":3,"s:24:32:24:Infinity":8,"f:25:20:25:27":4,"s:26:16:26:Infinity":9,"s:28:34:28:Infinity":10,"f:28:50:28:60":5,"s:28:60:28:76":11,"s:30:16:30:Infinity":12,"s:32:16:32:Infinity":13},"fnNames":{}}}
,"/Users/gerardoparedes/Documents/learncard/packages/learn-card-core/src/wallet/plugins/test-storage/index.ts": {"path":"/Users/gerardoparedes/Documents/learncard/packages/learn-card-core/src/wallet/plugins/test-storage/index.ts","statementMap":{"0":{"start":{"line":6,"column":30},"end":{"line":82,"column":null}},"1":{"start":{"line":7,"column":38},"end":{"line":7,"column":null}},"2":{"start":{"line":8,"column":30},"end":{"line":8,"column":null}},"3":{"start":{"line":10,"column":4},"end":{"line":81,"column":null}},"4":{"start":{"line":16,"column":16},"end":{"line":16,"column":null}},"5":{"start":{"line":18,"column":16},"end":{"line":18,"column":null}},"6":{"start":{"line":18,"column":26},"end":{"line":18,"column":null}},"7":{"start":{"line":20,"column":47},"end":{"line":20,"column":null}},"8":{"start":{"line":22,"column":16},"end":{"line":22,"column":null}},"9":{"start":{"line":22,"column":39},"end":{"line":22,"column":null}},"10":{"start":{"line":24,"column":16},"end":{"line":24,"column":null}},"11":{"start":{"line":29,"column":16},"end":{"line":29,"column":null}},"12":{"start":{"line":31,"column":32},"end":{"line":31,"column":null}},"13":{"start":{"line":33,"column":16},"end":{"line":33,"column":null}},"14":{"start":{"line":35,"column":16},"end":{"line":35,"column":null}},"15":{"start":{"line":38,"column":16},"end":{"line":38,"column":null}},"16":{"start":{"line":40,"column":16},"end":{"line":40,"column":null}},"17":{"start":{"line":40,"column":26},"end":{"line":40,"column":null}},"18":{"start":{"line":42,"column":47},"end":{"line":42,"column":null}},"19":{"start":{"line":44,"column":16},"end":{"line":44,"column":null}},"20":{"start":{"line":44,"column":39},"end":{"line":44,"column":null}},"21":{"start":{"line":46,"column":30},"end":{"line":46,"column":null}},"22":{"start":{"line":48,"column":16},"end":{"line":51,"column":null}},"23":{"start":{"line":49,"column":20},"end":{"line":49,"column":null}},"24":{"start":{"line":50,"column":20},"end":{"line":50,"column":null}},"25":{"start":{"line":53,"column":16},"end":{"line":53,"column":null}},"26":{"start":{"line":58,"column":16},"end":{"line":58,"column":null}},"27":{"start":{"line":60,"column":16},"end":{"line":60,"column":null}},"28":{"start":{"line":63,"column":16},"end":{"line":63,"column":null}},"29":{"start":{"line":65,"column":16},"end":{"line":65,"column":null}},"30":{"start":{"line":67,"column":16},"end":{"line":67,"column":null}},"31":{"start":{"line":69,"column":32},"end":{"line":69,"column":null}},"32":{"start":{"line":71,"column":16},"end":{"line":71,"column":null}},"33":{"start":{"line":73,"column":36},"end":{"line":73,"column":null}},"34":{"start":{"line":73,"column":62},"end":{"line":73,"column":78}},"35":{"start":{"line":75,"column":16},"end":{"line":75,"column":null}},"36":{"start":{"line":77,"column":16},"end":{"line":77,"column":null}}},"fnMap":{"0":{"name":"(anonymous_0)","decl":{"start":{"line":6,"column":30},"end":{"line":6,"column":55}},"loc":{"start":{"line":6,"column":55},"end":{"line":82,"column":null}},"line":6},"1":{"name":"(anonymous_1)","decl":{"start":{"line":15,"column":17},"end":{"line":15,"column":24}},"loc":{"start":{"line":15,"column":44},"end":{"line":25,"column":null}},"line":15},"2":{"name":"(anonymous_2)","decl":{"start":{"line":28,"column":20},"end":{"line":28,"column":27}},"loc":{"start":{"line":28,"column":46},"end":{"line":36,"column":null}},"line":28},"3":{"name":"(anonymous_3)","decl":{"start":{"line":37,"column":20},"end":{"line":37,"column":27}},"loc":{"start":{"line":37,"column":47},"end":{"line":54,"column":null}},"line":37},"4":{"name":"(anonymous_4)","decl":{"start":{"line":57,"column":17},"end":{"line":57,"column":24}},"loc":{"start":{"line":57,"column":46},"end":{"line":61,"column":null}},"line":57},"5":{"name":"(anonymous_5)","decl":{"start":{"line":62,"column":17},"end":{"line":62,"column":24}},"loc":{"start":{"line":62,"column":47},"end":{"line":68,"column":null}},"line":62},"6":{"name":"(anonymous_6)","decl":{"start":{"line":69,"column":20},"end":{"line":69,"column":32}},"loc":{"start":{"line":69,"column":32},"end":{"line":69,"column":null}},"line":69},"7":{"name":"(anonymous_7)","decl":{"start":{"line":70,"column":20},"end":{"line":70,"column":27}},"loc":{"start":{"line":70,"column":46},"end":{"line":78,"column":null}},"line":70},"8":{"name":"(anonymous_8)","decl":{"start":{"line":73,"column":52},"end":{"line":73,"column":62}},"loc":{"start":{"line":73,"column":62},"end":{"line":73,"column":78}},"line":73}},"branchMap":{"0":{"loc":{"start":{"line":18,"column":16},"end":{"line":18,"column":null}},"type":"if","locations":[{"start":{"line":18,"column":16},"end":{"line":18,"column":null}},{"start":{},"end":{}}],"line":18},"1":{"loc":{"start":{"line":22,"column":16},"end":{"line":22,"column":null}},"type":"if","locations":[{"start":{"line":22,"column":16},"end":{"line":22,"column":null}},{"start":{},"end":{}}],"line":22},"2":{"loc":{"start":{"line":40,"column":16},"end":{"line":40,"column":null}},"type":"if","locations":[{"start":{"line":40,"column":16},"end":{"line":40,"column":null}},{"start":{},"end":{}}],"line":40},"3":{"loc":{"start":{"line":44,"column":16},"end":{"line":44,"column":null}},"type":"if","locations":[{"start":{"line":44,"column":16},"end":{"line":44,"column":null}},{"start":{},"end":{}}],"line":44},"4":{"loc":{"start":{"line":48,"column":16},"end":{"line":51,"column":null}},"type":"if","locations":[{"start":{"line":48,"column":16},"end":{"line":51,"column":null}},{"start":{},"end":{}}],"line":48},"5":{"loc":{"start":{"line":48,"column":20},"end":{"line":48,"column":54}},"type":"binary-expr","locations":[{"start":{"line":48,"column":20},"end":{"line":48,"column":34}},{"start":{"line":48,"column":34},"end":{"line":48,"column":54}}],"line":48}},"s":{"0":1,"1":8,"2":8,"3":8,"4":7,"5":7,"6":0,"7":7,"8":7,"9":0,"10":7,"11":7,"12":7,"13":7,"14":7,"15":7,"16":7,"17":2,"18":5,"19":5,"20":1,"21":4,"22":4,"23":3,"24":3,"25":1,"26":1,"27":1,"28":1,"29":1,"30":1,"31":0,"32":0,"33":0,"34":0,"35":0,"36":0},"f":{"0":8,"1":7,"2":7,"3":7,"4":1,"5":1,"6":0,"7":0,"8":0},"b":{"0":[0,7],"1":[0,7],"2":[2,5],"3":[1,4],"4":[3,1],"5":[4,4]},"meta":{"lastBranch":6,"lastFunction":9,"lastStatement":37,"seen":{"s:6:30:82:Infinity":0,"f:6:30:6:55":0,"s:7:38:7:Infinity":1,"s:8:30:8:Infinity":2,"s:10:4:81:Infinity":3,"f:15:17:15:24":1,"s:16:16:16:Infinity":4,"b:18:16:18:Infinity:undefined:undefined:undefined:undefined":0,"s:18:16:18:Infinity":5,"s:18:26:18:Infinity":6,"s:20:47:20:Infinity":7,"b:22:16:22:Infinity:undefined:undefined:undefined:undefined":1,"s:22:16:22:Infinity":8,"s:22:39:22:Infinity":9,"s:24:16:24:Infinity":10,"f:28:20:28:27":2,"s:29:16:29:Infinity":11,"s:31:32:31:Infinity":12,"s:33:16:33:Infinity":13,"s:35:16:35:Infinity":14,"f:37:20:37:27":3,"s:38:16:38:Infinity":15,"b:40:16:40:Infinity:undefined:undefined:undefined:undefined":2,"s:40:16:40:Infinity":16,"s:40:26:40:Infinity":17,"s:42:47:42:Infinity":18,"b:44:16:44:Infinity:undefined:undefined:undefined:undefined":3,"s:44:16:44:Infinity":19,"s:44:39:44:Infinity":20,"s:46:30:46:Infinity":21,"b:48:16:51:Infinity:undefined:undefined:undefined:undefined":4,"s:48:16:51:Infinity":22,"b:48:20:48:34:48:34:48:54":5,"s:49:20:49:Infinity":23,"s:50:20:50:Infinity":24,"s:53:16:53:Infinity":25,"f:57:17:57:24":4,"s:58:16:58:Infinity":26,"s:60:16:60:Infinity":27,"f:62:17:62:24":5,"s:63:16:63:Infinity":28,"s:65:16:65:Infinity":29,"s:67:16:67:Infinity":30,"f:69:20:69:32":6,"s:69:32:69:Infinity":31,"f:70:20:70:27":7,"s:71:16:71:Infinity":32,"s:73:36:73:Infinity":33,"f:73:52:73:62":8,"s:73:62:73:78":34,"s:75:16:75:Infinity":35,"s:77:16:77:Infinity":36},"fnNames":{}}}
,"/Users/gerardoparedes/Documents/learncard/packages/learn-card-core/test/fixtures/vc.ts": {"path":"/Users/gerardoparedes/Documents/learncard/packages/learn-card-core/test/fixtures/vc.ts","statementMap":{"0":{"start":{"line":3,"column":26},"end":{"line":19,"column":null}}},"fnMap":{},"branchMap":{},"s":{"0":1},"f":{},"b":{},"meta":{"lastBranch":0,"lastFunction":0,"lastStatement":1,"seen":{"s:3:26:19:Infinity":0},"fnNames":{}}}
}
