TN:
SF:src/index.ts
FNF:0
FNH:0
LF:0
LH:0
BRF:0
BRH:0
end_of_record
TN:
SF:src/polyfills.ts
FNF:0
FNH:0
DA:5,1
DA:15,1
DA:16,1
DA:17,0
DA:19,1
DA:20,0
LF:6
LH:4
BRDA:5,0,0,1
BRDA:5,0,1,0
BRDA:7,1,0,0
BRDA:7,1,1,0
BRDA:9,2,0,0
BRDA:9,2,1,0
BRDA:11,3,0,0
BRDA:11,3,1,0
BRDA:15,4,0,1
BRDA:15,4,1,0
BRDA:16,5,0,0
BRDA:16,5,1,1
BRDA:19,6,0,0
BRDA:19,6,1,1
BRF:14
BRH:4
end_of_record
TN:
SF:src/types/LearnCard.ts
FNF:0
FNH:0
LF:0
LH:0
BRF:0
BRH:0
end_of_record
TN:
SF:src/wallet/base/crypto.ts
FNF:0
FNH:0
DA:3,1
LF:1
LH:1
BRDA:3,0,0,0
BRDA:3,0,1,1
BRDA:3,1,0,1
BRDA:3,1,1,1
BRF:4
BRH:3
end_of_record
TN:
SF:src/wallet/base/helpers.ts
FN:5,(anonymous_0)
FN:8,(anonymous_1)
FN:14,(anonymous_2)
FN:18,(anonymous_3)
FN:25,(anonymous_4)
FN:39,(anonymous_5)
FN:53,(anonymous_6)
FN:58,(anonymous_7)
FN:62,(anonymous_8)
FN:66,(anonymous_9)
FN:71,(anonymous_10)
FNF:11
FNH:7
FNDA:0,(anonymous_0)
FNDA:0,(anonymous_1)
FNDA:0,(anonymous_2)
FNDA:0,(anonymous_3)
FNDA:63,(anonymous_4)
FNDA:27,(anonymous_5)
FNDA:40,(anonymous_6)
FNDA:59,(anonymous_7)
FNDA:16,(anonymous_8)
FNDA:1,(anonymous_9)
FNDA:2,(anonymous_10)
DA:5,1
DA:8,1
DA:14,1
DA:18,0
DA:19,0
DA:21,0
DA:25,1
DA:29,63
DA:30,56
DA:31,45
DA:32,32
DA:33,0
DA:34,0
DA:36,0
DA:39,1
DA:43,27
DA:44,27
DA:45,27
DA:46,27
DA:47,0
DA:48,0
DA:50,0
DA:53,1
DA:57,40
DA:58,59
DA:62,1
DA:64,16
DA:66,1
DA:70,1
DA:71,2
LF:30
LH:21
BRDA:19,0,0,0
BRDA:19,0,1,0
BRDA:29,1,0,7
BRDA:29,1,1,56
BRDA:29,2,0,7
BRDA:29,2,1,0
BRDA:30,3,0,11
BRDA:30,3,1,45
BRDA:30,4,0,11
BRDA:30,4,1,1
BRDA:31,5,0,13
BRDA:31,5,1,32
BRDA:31,6,0,13
BRDA:31,6,1,1
BRDA:32,7,0,32
BRDA:32,7,1,0
BRDA:32,8,0,32
BRDA:32,8,1,32
BRDA:33,9,0,0
BRDA:33,9,1,0
BRDA:33,10,0,0
BRDA:33,10,1,0
BRDA:34,11,0,0
BRDA:34,11,1,0
BRDA:34,12,0,0
BRDA:34,12,1,0
BRDA:43,13,0,0
BRDA:43,13,1,27
BRDA:44,14,0,0
BRDA:44,14,1,27
BRDA:45,15,0,0
BRDA:45,15,1,27
BRDA:46,16,0,27
BRDA:46,16,1,0
BRDA:47,17,0,0
BRDA:47,17,1,0
BRDA:48,18,0,0
BRDA:48,18,1,0
BRDA:64,19,0,16
BRDA:64,19,1,7
BRDA:71,20,0,0
BRDA:71,20,1,2
BRF:42
BRH:21
end_of_record
TN:
SF:src/wallet/base/index.ts
FNF:0
FNH:0
LF:0
LH:0
BRF:0
BRH:0
end_of_record
TN:
SF:src/wallet/base/wallet.ts
FN:33,(anonymous_0)
FN:37,(anonymous_1)
FN:50,(anonymous_2)
FN:53,(anonymous_3)
FN:55,(anonymous_4)
FN:67,(anonymous_5)
FN:77,(anonymous_6)
FN:93,(anonymous_7)
FN:101,(anonymous_8)
FN:122,(anonymous_9)
FN:142,(anonymous_10)
FN:155,(anonymous_11)
FN:168,(anonymous_12)
FN:185,(anonymous_13)
FN:192,(anonymous_14)
FN:206,(anonymous_15)
FN:227,(anonymous_16)
FN:237,(anonymous_17)
FN:256,(anonymous_18)
FN:279,(anonymous_19)
FN:314,(anonymous_20)
FN:331,(anonymous_21)
FN:354,(anonymous_22)
FN:364,(anonymous_23)
FN:375,(anonymous_24)
FN:384,(anonymous_25)
FN:395,(anonymous_26)
FN:408,(anonymous_27)
FN:416,(anonymous_28)
FN:430,(anonymous_29)
FN:447,(anonymous_30)
FN:456,(anonymous_31)
FN:479,(anonymous_32)
FN:487,(anonymous_33)
FN:495,(anonymous_34)
FN:513,(anonymous_35)
FN:517,(anonymous_36)
FN:526,(anonymous_37)
FN:528,(anonymous_38)
FN:537,(anonymous_39)
FN:565,(anonymous_40)
FN:569,(anonymous_41)
FN:584,(anonymous_42)
FN:586,(anonymous_43)
FN:594,(anonymous_44)
FN:614,(anonymous_45)
FN:618,(anonymous_46)
FN:627,(anonymous_47)
FN:629,(anonymous_48)
FN:633,(anonymous_49)
FN:642,(anonymous_50)
FN:644,(anonymous_51)
FN:649,(anonymous_52)
FN:665,(anonymous_53)
FN:669,(anonymous_54)
FN:678,(anonymous_55)
FN:680,(anonymous_56)
FN:684,(anonymous_57)
FN:693,(anonymous_58)
FN:699,(anonymous_59)
FN:707,(anonymous_60)
FN:710,(anonymous_61)
FN:724,(anonymous_62)
FN:727,(anonymous_63)
FN:745,(anonymous_64)
FN:753,(anonymous_65)
FN:757,(anonymous_66)
FN:769,(anonymous_67)
FN:782,(anonymous_68)
FN:792,(anonymous_69)
FN:801,(anonymous_70)
FN:816,addPlugin
FNF:72
FNH:39
FNDA:120,(anonymous_0)
FNDA:66,(anonymous_1)
FNDA:40,(anonymous_2)
FNDA:59,(anonymous_3)
FNDA:10,(anonymous_4)
FNDA:20,(anonymous_5)
FNDA:7,(anonymous_6)
FNDA:0,(anonymous_7)
FNDA:7,(anonymous_8)
FNDA:10,(anonymous_9)
FNDA:8,(anonymous_10)
FNDA:0,(anonymous_11)
FNDA:7,(anonymous_12)
FNDA:20,(anonymous_13)
FNDA:11,(anonymous_14)
FNDA:10,(anonymous_15)
FNDA:0,(anonymous_16)
FNDA:0,(anonymous_17)
FNDA:0,(anonymous_18)
FNDA:0,(anonymous_19)
FNDA:0,(anonymous_20)
FNDA:0,(anonymous_21)
FNDA:2,(anonymous_22)
FNDA:0,(anonymous_23)
FNDA:0,(anonymous_24)
FNDA:0,(anonymous_25)
FNDA:0,(anonymous_26)
FNDA:20,(anonymous_27)
FNDA:11,(anonymous_28)
FNDA:1,(anonymous_29)
FNDA:0,(anonymous_30)
FNDA:2,(anonymous_31)
FNDA:20,(anonymous_32)
FNDA:1,(anonymous_33)
FNDA:2,(anonymous_34)
FNDA:1,(anonymous_35)
FNDA:2,(anonymous_36)
FNDA:2,(anonymous_37)
FNDA:0,(anonymous_38)
FNDA:0,(anonymous_39)
FNDA:0,(anonymous_40)
FNDA:0,(anonymous_41)
FNDA:0,(anonymous_42)
FNDA:0,(anonymous_43)
FNDA:0,(anonymous_44)
FNDA:0,(anonymous_45)
FNDA:0,(anonymous_46)
FNDA:0,(anonymous_47)
FNDA:2,(anonymous_48)
FNDA:4,(anonymous_49)
FNDA:4,(anonymous_50)
FNDA:7,(anonymous_51)
FNDA:7,(anonymous_52)
FNDA:16,(anonymous_53)
FNDA:17,(anonymous_54)
FNDA:17,(anonymous_55)
FNDA:0,(anonymous_56)
FNDA:0,(anonymous_57)
FNDA:0,(anonymous_58)
FNDA:20,(anonymous_59)
FNDA:0,(anonymous_60)
FNDA:0,(anonymous_61)
FNDA:0,(anonymous_62)
FNDA:0,(anonymous_63)
FNDA:20,(anonymous_64)
FNDA:0,(anonymous_65)
FNDA:0,(anonymous_66)
FNDA:0,(anonymous_67)
FNDA:20,(anonymous_68)
FNDA:20,(anonymous_69)
FNDA:11,(anonymous_70)
FNDA:20,addPlugin
DA:33,1
DA:37,120
DA:38,66
DA:39,29
DA:46,66
DA:50,1
DA:52,40
DA:53,59
DA:55,1
DA:59,10
DA:61,10
DA:67,1
DA:76,20
DA:78,7
DA:80,7
DA:82,7
DA:83,0
DA:86,7
DA:87,7
DA:89,7
DA:90,0
DA:91,0
DA:93,0
DA:96,0
DA:100,7
DA:102,7
DA:103,0
DA:106,7
DA:110,7
DA:112,7
DA:113,5
DA:116,7
DA:122,1
DA:141,10
DA:143,8
DA:145,8
DA:146,8
DA:149,8
DA:156,0
DA:158,0
DA:159,0
DA:162,0
DA:169,7
DA:171,7
DA:176,3
DA:179,7
DA:185,1
DA:192,20
DA:193,11
DA:194,10
DA:200,11
DA:203,20
DA:206,1
DA:226,10
DA:228,0
DA:229,0
DA:232,0
DA:233,0
DA:235,0
DA:236,0
DA:237,0
DA:238,0
DA:242,0
DA:246,0
DA:248,0
DA:249,0
DA:252,0
DA:262,0
DA:263,0
DA:266,0
DA:267,0
DA:273,0
DA:274,0
DA:275,0
DA:280,0
DA:289,0
DA:293,0
DA:295,0
DA:300,0
DA:308,0
DA:315,0
DA:316,0
DA:319,0
DA:320,0
DA:325,0
DA:326,0
DA:327,0
DA:332,0
DA:336,0
DA:340,0
DA:342,0
DA:347,0
DA:350,0
DA:355,2
DA:356,2
DA:357,2
DA:360,2
DA:365,0
DA:367,0
DA:368,0
DA:371,0
DA:376,0
DA:378,0
DA:379,0
DA:382,0
DA:385,0
DA:387,0
DA:388,0
DA:391,0
DA:396,0
DA:398,0
DA:399,0
DA:402,0
DA:408,1
DA:415,20
DA:417,11
DA:418,10
DA:424,11
DA:429,20
DA:434,1
DA:436,1
DA:437,0
DA:440,1
DA:441,1
DA:443,1
DA:444,0
DA:445,0
DA:447,0
DA:450,0
DA:454,1
DA:457,2
DA:459,2
DA:466,1
DA:468,1
DA:469,1
DA:472,1
DA:476,20
DA:479,1
DA:486,20
DA:491,1
DA:493,1
DA:494,1
DA:496,2
DA:497,2
DA:500,0
DA:506,1
DA:508,1
DA:510,0
DA:514,1
DA:516,1
DA:518,2
DA:519,2
DA:522,0
DA:526,2
DA:533,0
DA:535,0
DA:536,0
DA:538,0
DA:539,0
DA:542,0
DA:558,0
DA:560,0
DA:562,0
DA:566,0
DA:568,0
DA:570,0
DA:571,0
DA:574,0
DA:584,0
DA:590,0
DA:592,0
DA:593,0
DA:595,0
DA:596,0
DA:599,0
DA:607,0
DA:609,0
DA:611,0
DA:615,0
DA:617,0
DA:619,0
DA:620,0
DA:623,0
DA:627,0
DA:630,2
DA:632,2
DA:634,4
DA:635,4
DA:638,0
DA:642,4
DA:645,7
DA:647,7
DA:648,7
DA:650,7
DA:651,7
DA:654,0
DA:658,7
DA:660,7
DA:662,0
DA:666,16
DA:668,16
DA:670,17
DA:671,17
DA:674,0
DA:678,17
DA:681,0
DA:683,0
DA:685,0
DA:686,0
DA:689,0
DA:693,0
DA:699,1
DA:706,20
DA:708,0
DA:710,0
DA:711,0
DA:712,0
DA:714,0
DA:716,0
DA:720,0
DA:722,0
DA:725,0
DA:727,0
DA:728,0
DA:729,0
DA:731,0
DA:733,0
DA:737,0
DA:739,0
DA:745,1
DA:752,20
DA:754,0
DA:756,0
DA:758,0
DA:760,0
DA:764,0
DA:766,0
DA:768,0
DA:770,0
DA:772,0
DA:776,0
DA:782,1
DA:789,20
DA:792,1
DA:799,20
DA:801,20
DA:802,11
DA:804,11
DA:807,20
DA:817,10
DA:822,20
DA:823,20
DA:824,20
DA:825,20
DA:826,20
DA:827,20
DA:829,20
DA:831,20
LF:258
LH:119
BRDA:38,0,0,29
BRDA:38,0,1,37
BRDA:77,1,0,7
BRDA:77,2,0,7
BRDA:80,3,0,0
BRDA:80,3,1,7
BRDA:82,4,0,0
BRDA:82,4,1,7
BRDA:82,5,0,7
BRDA:82,5,1,0
BRDA:86,6,0,7
BRDA:86,6,1,0
BRDA:86,7,0,7
BRDA:86,7,1,7
BRDA:89,8,0,0
BRDA:89,8,1,7
BRDA:90,9,0,0
BRDA:90,9,1,0
BRDA:90,10,0,0
BRDA:90,10,1,0
BRDA:102,11,0,0
BRDA:102,11,1,7
BRDA:112,12,0,5
BRDA:112,12,1,2
BRDA:112,13,0,7
BRDA:112,13,1,5
BRDA:112,13,2,5
BRDA:142,14,0,8
BRDA:142,15,0,8
BRDA:145,16,0,8
BRDA:145,16,1,0
BRDA:145,17,0,8
BRDA:145,17,1,8
BRDA:152,18,0,0
BRDA:152,18,1,10
BRDA:153,19,0,0
BRDA:153,19,1,10
BRDA:155,20,0,0
BRDA:155,21,0,0
BRDA:158,22,0,0
BRDA:158,22,1,0
BRDA:158,23,0,0
BRDA:158,23,1,0
BRDA:166,24,0,9
BRDA:166,24,1,1
BRDA:168,25,0,7
BRDA:168,26,0,7
BRDA:171,27,0,3
BRDA:171,27,1,4
BRDA:172,28,0,7
BRDA:172,28,1,3
BRDA:172,28,2,3
BRDA:193,29,0,10
BRDA:193,29,1,1
BRDA:227,30,0,0
BRDA:227,31,0,0
BRDA:228,32,0,0
BRDA:228,32,1,0
BRDA:228,33,0,0
BRDA:228,33,1,0
BRDA:232,34,0,0
BRDA:232,34,1,0
BRDA:232,35,0,0
BRDA:232,35,1,0
BRDA:233,36,0,0
BRDA:233,36,1,0
BRDA:235,37,0,0
BRDA:235,37,1,0
BRDA:236,38,0,0
BRDA:236,38,1,0
BRDA:238,39,0,0
BRDA:238,39,1,0
BRDA:248,40,0,0
BRDA:248,40,1,0
BRDA:248,41,0,0
BRDA:248,41,1,0
BRDA:248,41,2,0
BRDA:249,42,0,0
BRDA:249,42,1,0
BRDA:254,43,0,0
BRDA:254,43,1,10
BRDA:260,44,0,0
BRDA:260,45,0,0
BRDA:262,46,0,0
BRDA:262,46,1,0
BRDA:262,47,0,0
BRDA:262,47,1,0
BRDA:266,48,0,0
BRDA:266,48,1,0
BRDA:266,49,0,0
BRDA:266,49,1,0
BRDA:269,50,0,0
BRDA:269,50,1,0
BRDA:273,51,0,0
BRDA:273,51,1,0
BRDA:274,52,0,0
BRDA:274,52,1,0
BRDA:282,53,0,0
BRDA:282,53,1,0
BRDA:295,54,0,0
BRDA:295,54,1,0
BRDA:296,55,0,0
BRDA:296,55,1,0
BRDA:296,55,2,0
BRDA:302,56,0,0
BRDA:302,56,1,0
BRDA:312,57,0,0
BRDA:312,57,1,10
BRDA:314,58,0,0
BRDA:314,59,0,0
BRDA:315,60,0,0
BRDA:315,60,1,0
BRDA:315,61,0,0
BRDA:315,61,1,0
BRDA:319,62,0,0
BRDA:319,62,1,0
BRDA:319,63,0,0
BRDA:319,63,1,0
BRDA:322,64,0,0
BRDA:322,64,1,0
BRDA:325,65,0,0
BRDA:325,65,1,0
BRDA:326,66,0,0
BRDA:326,66,1,0
BRDA:332,67,0,0
BRDA:332,67,1,0
BRDA:342,68,0,0
BRDA:342,68,1,0
BRDA:343,69,0,0
BRDA:343,69,1,0
BRDA:343,69,2,0
BRDA:347,70,0,0
BRDA:347,70,1,0
BRDA:354,71,0,2
BRDA:354,72,0,2
BRDA:356,73,0,2
BRDA:356,73,1,0
BRDA:356,74,0,2
BRDA:356,74,1,2
BRDA:362,75,0,0
BRDA:362,75,1,10
BRDA:364,76,0,0
BRDA:364,77,0,0
BRDA:367,78,0,0
BRDA:367,78,1,0
BRDA:367,79,0,0
BRDA:367,79,1,0
BRDA:375,80,0,0
BRDA:375,81,0,0
BRDA:378,82,0,0
BRDA:378,82,1,0
BRDA:378,83,0,0
BRDA:378,83,1,0
BRDA:384,84,0,0
BRDA:384,85,0,0
BRDA:387,86,0,0
BRDA:387,86,1,0
BRDA:387,87,0,0
BRDA:387,87,1,0
BRDA:393,88,0,0
BRDA:393,88,1,10
BRDA:395,89,0,0
BRDA:395,90,0,0
BRDA:398,91,0,0
BRDA:398,91,1,0
BRDA:398,92,0,0
BRDA:398,92,1,0
BRDA:417,93,0,10
BRDA:417,93,1,1
BRDA:432,94,0,1
BRDA:432,95,0,1
BRDA:436,96,0,0
BRDA:436,96,1,1
BRDA:436,97,0,1
BRDA:436,97,1,0
BRDA:440,98,0,1
BRDA:440,98,1,0
BRDA:440,99,0,1
BRDA:440,99,1,1
BRDA:441,100,0,1
BRDA:441,100,1,1
BRDA:443,101,0,0
BRDA:443,101,1,1
BRDA:444,102,0,0
BRDA:444,102,1,0
BRDA:444,103,0,0
BRDA:444,103,1,0
BRDA:447,104,0,0
BRDA:447,104,1,0
BRDA:457,105,0,0
BRDA:457,105,1,2
BRDA:468,106,0,1
BRDA:468,106,1,0
BRDA:468,107,0,1
BRDA:468,107,1,1
BRDA:468,107,2,1
BRDA:469,108,0,1
BRDA:469,108,1,1
BRDA:496,109,0,2
BRDA:496,109,1,0
BRDA:518,110,0,2
BRDA:518,110,1,0
BRDA:538,111,0,0
BRDA:538,111,1,0
BRDA:570,112,0,0
BRDA:570,112,1,0
BRDA:595,113,0,0
BRDA:595,113,1,0
BRDA:619,114,0,0
BRDA:619,114,1,0
BRDA:634,115,0,4
BRDA:634,115,1,0
BRDA:650,116,0,7
BRDA:650,116,1,0
BRDA:670,117,0,17
BRDA:670,117,1,0
BRDA:685,118,0,0
BRDA:685,118,1,0
BRDA:712,119,0,0
BRDA:712,119,1,0
BRDA:720,120,0,0
BRDA:720,120,1,0
BRDA:729,121,0,0
BRDA:729,121,1,0
BRDA:737,122,0,0
BRDA:737,122,1,0
BRDA:753,123,0,0
BRDA:758,124,0,0
BRDA:758,124,1,0
BRDA:766,125,0,0
BRDA:766,125,1,0
BRDA:766,126,0,0
BRDA:766,126,1,0
BRDA:770,127,0,0
BRDA:770,127,1,0
BRDA:797,128,0,20
BRDA:799,129,0,20
BRDA:829,130,0,20
BRDA:829,130,1,0
BRF:239
BRH:71
end_of_record
TN:
SF:src/wallet/plugins/index.ts
FNF:0
FNH:0
LF:0
LH:0
BRF:0
BRH:0
end_of_record
TN:
SF:src/wallet/plugins/test-cache/index.ts
FN:4,(anonymous_0)
FN:17,(anonymous_1)
FN:21,(anonymous_2)
FN:26,(anonymous_3)
FN:35,(anonymous_4)
FN:45,(anonymous_5)
FN:50,(anonymous_6)
FN:54,(anonymous_7)
FN:59,(anonymous_8)
FNF:9
FNH:0
FNDA:0,(anonymous_0)
FNDA:0,(anonymous_1)
FNDA:0,(anonymous_2)
FNDA:0,(anonymous_3)
FNDA:0,(anonymous_4)
FNDA:0,(anonymous_5)
FNDA:0,(anonymous_6)
FNDA:0,(anonymous_7)
FNDA:0,(anonymous_8)
DA:4,1
DA:5,0
DA:9,0
DA:10,0
DA:12,0
DA:18,0
DA:19,0
DA:22,0
DA:23,0
DA:24,0
DA:27,0
DA:33,0
DA:36,0
DA:42,0
DA:43,0
DA:46,0
DA:47,0
DA:48,0
DA:51,0
DA:52,0
DA:55,0
DA:56,0
DA:57,0
DA:60,0
DA:61,0
DA:62,0
LF:26
LH:1
BRF:0
BRH:0
end_of_record
TN:
SF:src/wallet/plugins/test-index/index.ts
FN:4,(anonymous_0)
FN:12,(anonymous_1)
FN:17,(anonymous_2)
FN:24,(anonymous_3)
FN:25,(anonymous_4)
FN:28,(anonymous_5)
FNF:6
FNH:3
FNDA:1,(anonymous_0)
FNDA:1,(anonymous_1)
FNDA:1,(anonymous_2)
FNDA:0,(anonymous_3)
FNDA:0,(anonymous_4)
FNDA:0,(anonymous_5)
DA:4,1
DA:5,1
DA:7,1
DA:13,1
DA:15,1
DA:18,1
DA:20,1
DA:22,1
DA:24,0
DA:26,0
DA:28,0
DA:30,0
DA:32,0
LF:13
LH:8
BRF:0
BRH:0
end_of_record
TN:
SF:src/wallet/plugins/test-storage/index.ts
FN:6,(anonymous_0)
FN:15,(anonymous_1)
FN:28,(anonymous_2)
FN:37,(anonymous_3)
FN:57,(anonymous_4)
FN:62,(anonymous_5)
FN:69,(anonymous_6)
FN:70,(anonymous_7)
FN:73,(anonymous_8)
FNF:9
FNH:6
FNDA:8,(anonymous_0)
FNDA:7,(anonymous_1)
FNDA:7,(anonymous_2)
FNDA:7,(anonymous_3)
FNDA:1,(anonymous_4)
FNDA:1,(anonymous_5)
FNDA:0,(anonymous_6)
FNDA:0,(anonymous_7)
FNDA:0,(anonymous_8)
DA:6,1
DA:7,8
DA:8,8
DA:10,8
DA:16,7
DA:18,7
DA:20,7
DA:22,7
DA:24,7
DA:29,7
DA:31,7
DA:33,7
DA:35,7
DA:38,7
DA:40,7
DA:42,5
DA:44,5
DA:46,4
DA:48,4
DA:49,3
DA:50,3
DA:53,1
DA:58,1
DA:60,1
DA:63,1
DA:65,1
DA:67,1
DA:69,0
DA:71,0
DA:73,0
DA:75,0
DA:77,0
LF:32
LH:27
BRDA:18,0,0,0
BRDA:18,0,1,7
BRDA:22,1,0,0
BRDA:22,1,1,7
BRDA:40,2,0,2
BRDA:40,2,1,5
BRDA:44,3,0,1
BRDA:44,3,1,4
BRDA:48,4,0,3
BRDA:48,4,1,1
BRDA:48,5,0,4
BRDA:48,5,1,4
BRF:12
BRH:10
end_of_record
TN:
SF:test/fixtures/vc.ts
FNF:0
FNH:0
DA:3,1
LF:1
LH:1
BRF:0
BRH:0
end_of_record
